<?xml version="1.0" encoding="UTF-8" ?>
<testsuite failures="0" time="4.615" errors="8" skipped="0" tests="10" name="fhkoeln.edb.nftool.ExerciseIntegrationTest">
  <properties>
    <property name="java.runtime.name" value="Java(TM) SE Runtime Environment"/>
    <property name="sun.boot.library.path" value="/System/Library/Java/JavaVirtualMachines/1.6.0.jdk/Contents/Libraries"/>
    <property name="java.vm.version" value="17.1-b03-307"/>
    <property name="awt.nativeDoubleBuffering" value="true"/>
    <property name="gopherProxySet" value="false"/>
    <property name="mrj.build" value="10M3261"/>
    <property name="java.vm.vendor" value="Apple Inc."/>
    <property name="java.vendor.url" value="http://www.apple.com/"/>
    <property name="path.separator" value=":"/>
    <property name="java.vm.name" value="Java HotSpot(TM) 64-Bit Server VM"/>
    <property name="file.encoding.pkg" value="sun.io"/>
    <property name="user.country" value="DE"/>
    <property name="sun.java.launcher" value="SUN_STANDARD"/>
    <property name="sun.os.patch.level" value="unknown"/>
    <property name="java.vm.specification.name" value="Java Virtual Machine Specification"/>
    <property name="user.dir" value="/Users/sja/Entwicklung/workspaces/sts-2.5.0.RELEASE/nftool"/>
    <property name="java.runtime.version" value="1.6.0_22-b04-307-10M3261"/>
    <property name="java.awt.graphicsenv" value="apple.awt.CGraphicsEnvironment"/>
    <property name="basedir" value="/Users/sja/Entwicklung/workspaces/sts-2.5.0.RELEASE/nftool"/>
    <property name="java.endorsed.dirs" value="/System/Library/Java/JavaVirtualMachines/1.6.0.jdk/Contents/Home/lib/endorsed"/>
    <property name="os.arch" value="x86_64"/>
    <property name="surefire.real.class.path" value="/var/folders/ND/NDohSH53FrmLIjyUct+iDk+++TI/-Tmp-/surefirebooter8975626382406627469.jar"/>
    <property name="java.io.tmpdir" value="/var/folders/ND/NDohSH53FrmLIjyUct+iDk+++TI/-Tmp-/"/>
    <property name="line.separator" value="
"/>
    <property name="java.vm.specification.vendor" value="Sun Microsystems Inc."/>
    <property name="os.name" value="Mac OS X"/>
    <property name="sun.jnu.encoding" value="MacRoman"/>
    <property name="java.library.path" value=".:/Users/sja/Library/Java/Extensions:/Library/Java/Extensions:/System/Library/Java/Extensions:/usr/lib/java"/>
    <property name="surefire.test.class.path" value="/Users/sja/Entwicklung/workspaces/sts-2.5.0.RELEASE/nftool/target/test-classes:/Users/sja/Entwicklung/workspaces/sts-2.5.0.RELEASE/nftool/target/classes:/Users/sja/.m2/repository/junit/junit/4.8.1/junit-4.8.1.jar:/Users/sja/.m2/repository/log4j/log4j/1.2.16/log4j-1.2.16.jar:/Users/sja/.m2/repository/org/slf4j/slf4j-api/1.6.1/slf4j-api-1.6.1.jar:/Users/sja/.m2/repository/org/slf4j/jcl-over-slf4j/1.6.1/jcl-over-slf4j-1.6.1.jar:/Users/sja/.m2/repository/org/slf4j/slf4j-log4j12/1.6.1/slf4j-log4j12-1.6.1.jar:/Users/sja/.m2/repository/org/aspectj/aspectjrt/1.6.10/aspectjrt-1.6.10.jar:/Users/sja/.m2/repository/org/aspectj/aspectjweaver/1.6.10/aspectjweaver-1.6.10.jar:/Users/sja/.m2/repository/javax/servlet/servlet-api/2.5/servlet-api-2.5.jar:/Users/sja/.m2/repository/net/sf/flexjson/flexjson/2.0/flexjson-2.0.jar:/Users/sja/.m2/repository/org/springframework/roo/org.springframework.roo.annotations/1.1.1.RELEASE/org.springframework.roo.annotations-1.1.1.RELEASE.jar:/Users/sja/.m2/repository/org/springframework/spring-core/3.0.5.RELEASE/spring-core-3.0.5.RELEASE.jar:/Users/sja/.m2/repository/org/springframework/spring-asm/3.0.5.RELEASE/spring-asm-3.0.5.RELEASE.jar:/Users/sja/.m2/repository/org/springframework/spring-test/3.0.5.RELEASE/spring-test-3.0.5.RELEASE.jar:/Users/sja/.m2/repository/org/springframework/spring-context/3.0.5.RELEASE/spring-context-3.0.5.RELEASE.jar:/Users/sja/.m2/repository/org/springframework/spring-aop/3.0.5.RELEASE/spring-aop-3.0.5.RELEASE.jar:/Users/sja/.m2/repository/aopalliance/aopalliance/1.0/aopalliance-1.0.jar:/Users/sja/.m2/repository/org/springframework/spring-beans/3.0.5.RELEASE/spring-beans-3.0.5.RELEASE.jar:/Users/sja/.m2/repository/org/springframework/spring-expression/3.0.5.RELEASE/spring-expression-3.0.5.RELEASE.jar:/Users/sja/.m2/repository/org/springframework/spring-aspects/3.0.5.RELEASE/spring-aspects-3.0.5.RELEASE.jar:/Users/sja/.m2/repository/org/springframework/spring-context-support/3.0.5.RELEASE/spring-context-support-3.0.5.RELEASE.jar:/Users/sja/.m2/repository/org/springframework/spring-tx/3.0.5.RELEASE/spring-tx-3.0.5.RELEASE.jar:/Users/sja/.m2/repository/mysql/mysql-connector-java/5.1.13/mysql-connector-java-5.1.13.jar:/Users/sja/.m2/repository/org/hibernate/hibernate-core/3.5.5-Final/hibernate-core-3.5.5-Final.jar:/Users/sja/.m2/repository/antlr/antlr/2.7.6/antlr-2.7.6.jar:/Users/sja/.m2/repository/commons-collections/commons-collections/3.1/commons-collections-3.1.jar:/Users/sja/.m2/repository/dom4j/dom4j/1.6.1/dom4j-1.6.1.jar:/Users/sja/.m2/repository/xml-apis/xml-apis/1.0.b2/xml-apis-1.0.b2.jar:/Users/sja/.m2/repository/javax/transaction/jta/1.1/jta-1.1.jar:/Users/sja/.m2/repository/org/hibernate/hibernate-entitymanager/3.5.5-Final/hibernate-entitymanager-3.5.5-Final.jar:/Users/sja/.m2/repository/org/hibernate/hibernate-annotations/3.5.5-Final/hibernate-annotations-3.5.5-Final.jar:/Users/sja/.m2/repository/org/hibernate/hibernate-commons-annotations/3.2.0.Final/hibernate-commons-annotations-3.2.0.Final.jar:/Users/sja/.m2/repository/org/hibernate/javax/persistence/hibernate-jpa-2.0-api/1.0.0.Final/hibernate-jpa-2.0-api-1.0.0.Final.jar:/Users/sja/.m2/repository/javassist/javassist/3.9.0.GA/javassist-3.9.0.GA.jar:/Users/sja/.m2/repository/org/hibernate/hibernate-validator/4.1.0.Final/hibernate-validator-4.1.0.Final.jar:/Users/sja/.m2/repository/javax/validation/validation-api/1.0.0.GA/validation-api-1.0.0.GA.jar:/Users/sja/.m2/repository/cglib/cglib-nodep/2.2/cglib-nodep-2.2.jar:/Users/sja/.m2/repository/org/springframework/spring-jdbc/3.0.5.RELEASE/spring-jdbc-3.0.5.RELEASE.jar:/Users/sja/.m2/repository/org/springframework/spring-orm/3.0.5.RELEASE/spring-orm-3.0.5.RELEASE.jar:/Users/sja/.m2/repository/commons-pool/commons-pool/1.5.4/commons-pool-1.5.4.jar:/Users/sja/.m2/repository/commons-dbcp/commons-dbcp/1.3/commons-dbcp-1.3.jar:/Users/sja/.m2/repository/org/springframework/spring-web/3.0.5.RELEASE/spring-web-3.0.5.RELEASE.jar:/Users/sja/.m2/repository/org/springframework/spring-webmvc/3.0.5.RELEASE/spring-webmvc-3.0.5.RELEASE.jar:/Users/sja/.m2/repository/org/springframework/webflow/spring-js-resources/2.2.0.RELEASE/spring-js-resources-2.2.0.RELEASE.jar:/Users/sja/.m2/repository/commons-digester/commons-digester/2.0/commons-digester-2.0.jar:/Users/sja/.m2/repository/commons-beanutils/commons-beanutils/1.8.0/commons-beanutils-1.8.0.jar:/Users/sja/.m2/repository/commons-fileupload/commons-fileupload/1.2.1/commons-fileupload-1.2.1.jar:/Users/sja/.m2/repository/javax/servlet/jstl/1.2/jstl-1.2.jar:/Users/sja/.m2/repository/javax/el/el-api/1.0/el-api-1.0.jar:/Users/sja/.m2/repository/joda-time/joda-time/1.6/joda-time-1.6.jar:/Users/sja/.m2/repository/javax/servlet/jsp/jsp-api/2.1/jsp-api-2.1.jar:/Users/sja/.m2/repository/org/apache/tiles/tiles-core/2.2.1/tiles-core-2.2.1.jar:/Users/sja/.m2/repository/org/apache/tiles/tiles-api/2.2.1/tiles-api-2.2.1.jar:/Users/sja/.m2/repository/org/apache/tiles/tiles-jsp/2.2.1/tiles-jsp-2.2.1.jar:/Users/sja/.m2/repository/org/apache/tiles/tiles-servlet/2.2.1/tiles-servlet-2.2.1.jar:/Users/sja/.m2/repository/org/apache/tiles/tiles-template/2.2.1/tiles-template-2.2.1.jar:/Users/sja/.m2/repository/org/springframework/webflow/spring-webflow/2.2.0.RELEASE/spring-webflow-2.2.0.RELEASE.jar:/Users/sja/.m2/repository/commons-logging/commons-logging/1.1.1/commons-logging-1.1.1.jar:/Users/sja/.m2/repository/org/springframework/webflow/spring-binding/2.2.0.RELEASE/spring-binding-2.2.0.RELEASE.jar:/Users/sja/.m2/repository/org/springframework/webflow/spring-js/2.2.0.RELEASE/spring-js-2.2.0.RELEASE.jar:"/>
    <property name="java.specification.name" value="Java Platform API Specification"/>
    <property name="java.class.version" value="50.0"/>
    <property name="sun.management.compiler" value="HotSpot 64-Bit Server Compiler"/>
    <property name="os.version" value="10.6.6"/>
    <property name="http.nonProxyHosts" value="local|*.local|169.254/16|*.169.254/16"/>
    <property name="user.home" value="/Users/sja"/>
    <property name="user.timezone" value="Europe/Berlin"/>
    <property name="java.awt.printerjob" value="apple.awt.CPrinterJob"/>
    <property name="java.specification.version" value="1.6"/>
    <property name="file.encoding" value="MacRoman"/>
    <property name="user.name" value="sja"/>
    <property name="java.class.path" value="/Users/sja/Entwicklung/workspaces/sts-2.5.0.RELEASE/nftool/target/test-classes:/Users/sja/Entwicklung/workspaces/sts-2.5.0.RELEASE/nftool/target/classes:/Users/sja/.m2/repository/junit/junit/4.8.1/junit-4.8.1.jar:/Users/sja/.m2/repository/log4j/log4j/1.2.16/log4j-1.2.16.jar:/Users/sja/.m2/repository/org/slf4j/slf4j-api/1.6.1/slf4j-api-1.6.1.jar:/Users/sja/.m2/repository/org/slf4j/jcl-over-slf4j/1.6.1/jcl-over-slf4j-1.6.1.jar:/Users/sja/.m2/repository/org/slf4j/slf4j-log4j12/1.6.1/slf4j-log4j12-1.6.1.jar:/Users/sja/.m2/repository/org/aspectj/aspectjrt/1.6.10/aspectjrt-1.6.10.jar:/Users/sja/.m2/repository/org/aspectj/aspectjweaver/1.6.10/aspectjweaver-1.6.10.jar:/Users/sja/.m2/repository/javax/servlet/servlet-api/2.5/servlet-api-2.5.jar:/Users/sja/.m2/repository/net/sf/flexjson/flexjson/2.0/flexjson-2.0.jar:/Users/sja/.m2/repository/org/springframework/roo/org.springframework.roo.annotations/1.1.1.RELEASE/org.springframework.roo.annotations-1.1.1.RELEASE.jar:/Users/sja/.m2/repository/org/springframework/spring-core/3.0.5.RELEASE/spring-core-3.0.5.RELEASE.jar:/Users/sja/.m2/repository/org/springframework/spring-asm/3.0.5.RELEASE/spring-asm-3.0.5.RELEASE.jar:/Users/sja/.m2/repository/org/springframework/spring-test/3.0.5.RELEASE/spring-test-3.0.5.RELEASE.jar:/Users/sja/.m2/repository/org/springframework/spring-context/3.0.5.RELEASE/spring-context-3.0.5.RELEASE.jar:/Users/sja/.m2/repository/org/springframework/spring-aop/3.0.5.RELEASE/spring-aop-3.0.5.RELEASE.jar:/Users/sja/.m2/repository/aopalliance/aopalliance/1.0/aopalliance-1.0.jar:/Users/sja/.m2/repository/org/springframework/spring-beans/3.0.5.RELEASE/spring-beans-3.0.5.RELEASE.jar:/Users/sja/.m2/repository/org/springframework/spring-expression/3.0.5.RELEASE/spring-expression-3.0.5.RELEASE.jar:/Users/sja/.m2/repository/org/springframework/spring-aspects/3.0.5.RELEASE/spring-aspects-3.0.5.RELEASE.jar:/Users/sja/.m2/repository/org/springframework/spring-context-support/3.0.5.RELEASE/spring-context-support-3.0.5.RELEASE.jar:/Users/sja/.m2/repository/org/springframework/spring-tx/3.0.5.RELEASE/spring-tx-3.0.5.RELEASE.jar:/Users/sja/.m2/repository/mysql/mysql-connector-java/5.1.13/mysql-connector-java-5.1.13.jar:/Users/sja/.m2/repository/org/hibernate/hibernate-core/3.5.5-Final/hibernate-core-3.5.5-Final.jar:/Users/sja/.m2/repository/antlr/antlr/2.7.6/antlr-2.7.6.jar:/Users/sja/.m2/repository/commons-collections/commons-collections/3.1/commons-collections-3.1.jar:/Users/sja/.m2/repository/dom4j/dom4j/1.6.1/dom4j-1.6.1.jar:/Users/sja/.m2/repository/xml-apis/xml-apis/1.0.b2/xml-apis-1.0.b2.jar:/Users/sja/.m2/repository/javax/transaction/jta/1.1/jta-1.1.jar:/Users/sja/.m2/repository/org/hibernate/hibernate-entitymanager/3.5.5-Final/hibernate-entitymanager-3.5.5-Final.jar:/Users/sja/.m2/repository/org/hibernate/hibernate-annotations/3.5.5-Final/hibernate-annotations-3.5.5-Final.jar:/Users/sja/.m2/repository/org/hibernate/hibernate-commons-annotations/3.2.0.Final/hibernate-commons-annotations-3.2.0.Final.jar:/Users/sja/.m2/repository/org/hibernate/javax/persistence/hibernate-jpa-2.0-api/1.0.0.Final/hibernate-jpa-2.0-api-1.0.0.Final.jar:/Users/sja/.m2/repository/javassist/javassist/3.9.0.GA/javassist-3.9.0.GA.jar:/Users/sja/.m2/repository/org/hibernate/hibernate-validator/4.1.0.Final/hibernate-validator-4.1.0.Final.jar:/Users/sja/.m2/repository/javax/validation/validation-api/1.0.0.GA/validation-api-1.0.0.GA.jar:/Users/sja/.m2/repository/cglib/cglib-nodep/2.2/cglib-nodep-2.2.jar:/Users/sja/.m2/repository/org/springframework/spring-jdbc/3.0.5.RELEASE/spring-jdbc-3.0.5.RELEASE.jar:/Users/sja/.m2/repository/org/springframework/spring-orm/3.0.5.RELEASE/spring-orm-3.0.5.RELEASE.jar:/Users/sja/.m2/repository/commons-pool/commons-pool/1.5.4/commons-pool-1.5.4.jar:/Users/sja/.m2/repository/commons-dbcp/commons-dbcp/1.3/commons-dbcp-1.3.jar:/Users/sja/.m2/repository/org/springframework/spring-web/3.0.5.RELEASE/spring-web-3.0.5.RELEASE.jar:/Users/sja/.m2/repository/org/springframework/spring-webmvc/3.0.5.RELEASE/spring-webmvc-3.0.5.RELEASE.jar:/Users/sja/.m2/repository/org/springframework/webflow/spring-js-resources/2.2.0.RELEASE/spring-js-resources-2.2.0.RELEASE.jar:/Users/sja/.m2/repository/commons-digester/commons-digester/2.0/commons-digester-2.0.jar:/Users/sja/.m2/repository/commons-beanutils/commons-beanutils/1.8.0/commons-beanutils-1.8.0.jar:/Users/sja/.m2/repository/commons-fileupload/commons-fileupload/1.2.1/commons-fileupload-1.2.1.jar:/Users/sja/.m2/repository/javax/servlet/jstl/1.2/jstl-1.2.jar:/Users/sja/.m2/repository/javax/el/el-api/1.0/el-api-1.0.jar:/Users/sja/.m2/repository/joda-time/joda-time/1.6/joda-time-1.6.jar:/Users/sja/.m2/repository/javax/servlet/jsp/jsp-api/2.1/jsp-api-2.1.jar:/Users/sja/.m2/repository/org/apache/tiles/tiles-core/2.2.1/tiles-core-2.2.1.jar:/Users/sja/.m2/repository/org/apache/tiles/tiles-api/2.2.1/tiles-api-2.2.1.jar:/Users/sja/.m2/repository/org/apache/tiles/tiles-jsp/2.2.1/tiles-jsp-2.2.1.jar:/Users/sja/.m2/repository/org/apache/tiles/tiles-servlet/2.2.1/tiles-servlet-2.2.1.jar:/Users/sja/.m2/repository/org/apache/tiles/tiles-template/2.2.1/tiles-template-2.2.1.jar:/Users/sja/.m2/repository/org/springframework/webflow/spring-webflow/2.2.0.RELEASE/spring-webflow-2.2.0.RELEASE.jar:/Users/sja/.m2/repository/commons-logging/commons-logging/1.1.1/commons-logging-1.1.1.jar:/Users/sja/.m2/repository/org/springframework/webflow/spring-binding/2.2.0.RELEASE/spring-binding-2.2.0.RELEASE.jar:/Users/sja/.m2/repository/org/springframework/webflow/spring-js/2.2.0.RELEASE/spring-js-2.2.0.RELEASE.jar:"/>
    <property name="java.vm.specification.version" value="1.0"/>
    <property name="sun.arch.data.model" value="64"/>
    <property name="java.home" value="/System/Library/Java/JavaVirtualMachines/1.6.0.jdk/Contents/Home"/>
    <property name="java.specification.vendor" value="Sun Microsystems Inc."/>
    <property name="user.language" value="de"/>
    <property name="awt.toolkit" value="apple.awt.CToolkit"/>
    <property name="java.vm.info" value="mixed mode"/>
    <property name="java.version" value="1.6.0_22"/>
    <property name="java.ext.dirs" value="/Users/sja/Library/Java/Extensions:/Library/Java/Extensions:/System/Library/Java/Extensions:/System/Library/Java/JavaVirtualMachines/1.6.0.jdk/Contents/Home/lib/ext"/>
    <property name="sun.boot.class.path" value="/System/Library/Java/JavaVirtualMachines/1.6.0.jdk/Contents/Classes/jsfd.jar:/System/Library/Java/JavaVirtualMachines/1.6.0.jdk/Contents/Classes/classes.jar:/System/Library/Frameworks/JavaVM.framework/Frameworks/JavaRuntimeSupport.framework/Resources/Java/JavaRuntimeSupport.jar:/System/Library/Java/JavaVirtualMachines/1.6.0.jdk/Contents/Classes/ui.jar:/System/Library/Java/JavaVirtualMachines/1.6.0.jdk/Contents/Classes/laf.jar:/System/Library/Java/JavaVirtualMachines/1.6.0.jdk/Contents/Classes/sunrsasign.jar:/System/Library/Java/JavaVirtualMachines/1.6.0.jdk/Contents/Classes/jsse.jar:/System/Library/Java/JavaVirtualMachines/1.6.0.jdk/Contents/Classes/jce.jar:/System/Library/Java/JavaVirtualMachines/1.6.0.jdk/Contents/Classes/charsets.jar"/>
    <property name="java.vendor" value="Apple Inc."/>
    <property name="localRepository" value="/Users/sja/.m2/repository"/>
    <property name="file.separator" value="/"/>
    <property name="java.vendor.url.bug" value="http://bugreport.apple.com/"/>
    <property name="sun.cpu.endian" value="little"/>
    <property name="sun.io.unicode.encoding" value="UnicodeLittle"/>
    <property name="mrj.version" value="1060.1.6.0_22-307"/>
    <property name="socksNonProxyHosts" value="local|*.local|169.254/16|*.169.254/16"/>
    <property name="ftp.nonProxyHosts" value="local|*.local|169.254/16|*.169.254/16"/>
    <property name="sun.cpu.isalist" value=""/>
  </properties>
  <testcase time="4.203" classname="fhkoeln.edb.nftool.ExerciseIntegrationTest" name="testMarkerMethod"/>
  <testcase time="0.009" classname="fhkoeln.edb.nftool.ExerciseIntegrationTest" name="testTest"/>
  <testcase time="0.029" classname="fhkoeln.edb.nftool.ExerciseIntegrationTest" name="testCountExercises">
    <error message="Error creating bean with name &apos;fhkoeln.edb.nftool.Exercise&apos;: Injection of autowired dependencies failed; nested exception is org.springframework.beans.factory.BeanCreationException: Could not autowire field: fhkoeln.edb.nftool.service.InternationalizationService fhkoeln.edb.nftool.Exercise.i18nService; nested exception is org.springframework.beans.factory.NoSuchBeanDefinitionException: No matching bean of type [fhkoeln.edb.nftool.service.InternationalizationService] found for dependency: expected at least 1 bean which qualifies as autowire candidate for this dependency. Dependency annotations: {@org.springframework.beans.factory.annotation.Autowired(required=true), @javax.persistence.Transient()}" type="org.springframework.beans.factory.BeanCreationException">org.springframework.beans.factory.BeanCreationException: Error creating bean with name &apos;fhkoeln.edb.nftool.Exercise&apos;: Injection of autowired dependencies failed; nested exception is org.springframework.beans.factory.BeanCreationException: Could not autowire field: fhkoeln.edb.nftool.service.InternationalizationService fhkoeln.edb.nftool.Exercise.i18nService; nested exception is org.springframework.beans.factory.NoSuchBeanDefinitionException: No matching bean of type [fhkoeln.edb.nftool.service.InternationalizationService] found for dependency: expected at least 1 bean which qualifies as autowire candidate for this dependency. Dependency annotations: {@org.springframework.beans.factory.annotation.Autowired(required=true), @javax.persistence.Transient()}
	at org.springframework.beans.factory.annotation.AutowiredAnnotationBeanPostProcessor.postProcessPropertyValues(AutowiredAnnotationBeanPostProcessor.java:285)
	at org.springframework.beans.factory.support.AbstractAutowireCapableBeanFactory.populateBean(AbstractAutowireCapableBeanFactory.java:1074)
	at org.springframework.beans.factory.support.AbstractAutowireCapableBeanFactory.autowireBeanProperties(AbstractAutowireCapableBeanFactory.java:374)
	at org.springframework.beans.factory.wiring.BeanConfigurerSupport.configureBean(BeanConfigurerSupport.java:140)
	at org.springframework.beans.factory.aspectj.AnnotationBeanConfigurerAspect.configureBean(AnnotationBeanConfigurerAspect.aj:59)
	at org.springframework.beans.factory.aspectj.AbstractDependencyInjectionAspect.ajc$afterReturning$org_springframework_beans_factory_aspectj_AbstractDependencyInjectionAspect$2$1ea6722c(AbstractDependencyInjectionAspect.aj:89)
	at fhkoeln.edb.nftool.Exercise.&lt;init&gt;(Exercise.java:29)
	at fhkoeln.edb.nftool.Exercise_Roo_Entity.entityManager_aroundBody0(Exercise_Roo_Entity.aj:87)
	at fhkoeln.edb.nftool.Exercise_Roo_Entity.ajc$interMethod$fhkoeln_edb_nftool_Exercise_Roo_Entity$fhkoeln_edb_nftool_Exercise$entityManager(Exercise_Roo_Entity.aj:1)
	at fhkoeln.edb.nftool.Exercise.entityManager(Exercise.java:1)
	at fhkoeln.edb.nftool.Exercise_Roo_Entity.ajc$interMethodDispatch1$fhkoeln_edb_nftool_Exercise_Roo_Entity$fhkoeln_edb_nftool_Exercise$entityManager(Exercise_Roo_Entity.aj)
	at fhkoeln.edb.nftool.Exercise_Roo_Entity.findExerciseEntries_aroundBody8(Exercise_Roo_Entity.aj:106)
	at fhkoeln.edb.nftool.Exercise_Roo_Entity.ajc$interMethod$fhkoeln_edb_nftool_Exercise_Roo_Entity$fhkoeln_edb_nftool_Exercise$findExerciseEntries(Exercise_Roo_Entity.aj:1)
	at fhkoeln.edb.nftool.Exercise.findExerciseEntries(Exercise.java:1)
	at fhkoeln.edb.nftool.Exercise_Roo_Entity.ajc$interMethodDispatch1$fhkoeln_edb_nftool_Exercise_Roo_Entity$fhkoeln_edb_nftool_Exercise$findExerciseEntries(Exercise_Roo_Entity.aj)
	at fhkoeln.edb.nftool.ExerciseDataOnDemand_Roo_DataOnDemand.ajc$interMethod$fhkoeln_edb_nftool_ExerciseDataOnDemand_Roo_DataOnDemand$fhkoeln_edb_nftool_ExerciseDataOnDemand$init(ExerciseDataOnDemand_Roo_DataOnDemand.aj:45)
	at fhkoeln.edb.nftool.ExerciseDataOnDemand.init(ExerciseDataOnDemand.java:1)
	at fhkoeln.edb.nftool.ExerciseDataOnDemand_Roo_DataOnDemand.ajc$interMethodDispatch1$fhkoeln_edb_nftool_ExerciseDataOnDemand_Roo_DataOnDemand$fhkoeln_edb_nftool_ExerciseDataOnDemand$init(ExerciseDataOnDemand_Roo_DataOnDemand.aj)
	at fhkoeln.edb.nftool.ExerciseDataOnDemand_Roo_DataOnDemand.ajc$interMethod$fhkoeln_edb_nftool_ExerciseDataOnDemand_Roo_DataOnDemand$fhkoeln_edb_nftool_ExerciseDataOnDemand$getRandomExercise(ExerciseDataOnDemand_Roo_DataOnDemand.aj:35)
	at fhkoeln.edb.nftool.ExerciseDataOnDemand.getRandomExercise(ExerciseDataOnDemand.java:1)
	at fhkoeln.edb.nftool.ExerciseDataOnDemand_Roo_DataOnDemand.ajc$interMethodDispatch1$fhkoeln_edb_nftool_ExerciseDataOnDemand_Roo_DataOnDemand$fhkoeln_edb_nftool_ExerciseDataOnDemand$getRandomExercise(ExerciseDataOnDemand_Roo_DataOnDemand.aj)
	at fhkoeln.edb.nftool.ExerciseIntegrationTest_Roo_IntegrationTest.ajc$interMethod$fhkoeln_edb_nftool_ExerciseIntegrationTest_Roo_IntegrationTest$fhkoeln_edb_nftool_ExerciseIntegrationTest$testCountExercises(ExerciseIntegrationTest_Roo_IntegrationTest.aj:27)
	at fhkoeln.edb.nftool.ExerciseIntegrationTest.testCountExercises(ExerciseIntegrationTest.java:1)
	at sun.reflect.NativeMethodAccessorImpl.invoke0(Native Method)
	at sun.reflect.NativeMethodAccessorImpl.invoke(NativeMethodAccessorImpl.java:39)
	at sun.reflect.DelegatingMethodAccessorImpl.invoke(DelegatingMethodAccessorImpl.java:25)
	at java.lang.reflect.Method.invoke(Method.java:597)
	at org.junit.runners.model.FrameworkMethod$1.runReflectiveCall(FrameworkMethod.java:44)
	at org.junit.internal.runners.model.ReflectiveCallable.run(ReflectiveCallable.java:15)
	at org.junit.runners.model.FrameworkMethod.invokeExplosively(FrameworkMethod.java:41)
	at org.junit.internal.runners.statements.InvokeMethod.evaluate(InvokeMethod.java:20)
	at org.springframework.test.context.junit4.statements.RunBeforeTestMethodCallbacks.evaluate(RunBeforeTestMethodCallbacks.java:74)
	at org.springframework.test.context.junit4.statements.RunAfterTestMethodCallbacks.evaluate(RunAfterTestMethodCallbacks.java:82)
	at org.springframework.test.context.junit4.statements.SpringRepeat.evaluate(SpringRepeat.java:72)
	at org.springframework.test.context.junit4.SpringJUnit4ClassRunner.runChild(SpringJUnit4ClassRunner.java:240)
	at org.junit.runners.BlockJUnit4ClassRunner.runChild(BlockJUnit4ClassRunner.java:50)
	at org.junit.runners.ParentRunner$3.run(ParentRunner.java:193)
	at org.junit.runners.ParentRunner$1.schedule(ParentRunner.java:52)
	at org.junit.runners.ParentRunner.runChildren(ParentRunner.java:191)
	at org.junit.runners.ParentRunner.access$000(ParentRunner.java:42)
	at org.junit.runners.ParentRunner$2.evaluate(ParentRunner.java:184)
	at org.springframework.test.context.junit4.statements.RunBeforeTestClassCallbacks.evaluate(RunBeforeTestClassCallbacks.java:61)
	at org.springframework.test.context.junit4.statements.RunAfterTestClassCallbacks.evaluate(RunAfterTestClassCallbacks.java:70)
	at org.junit.runners.ParentRunner.run(ParentRunner.java:236)
	at org.springframework.test.context.junit4.SpringJUnit4ClassRunner.run(SpringJUnit4ClassRunner.java:180)
	at org.apache.maven.surefire.junit4.JUnit4TestSet.execute(JUnit4TestSet.java:59)
	at org.apache.maven.surefire.suite.AbstractDirectoryTestSuite.executeTestSet(AbstractDirectoryTestSuite.java:115)
	at org.apache.maven.surefire.suite.AbstractDirectoryTestSuite.execute(AbstractDirectoryTestSuite.java:102)
	at org.apache.maven.surefire.Surefire.run(Surefire.java:180)
	at sun.reflect.NativeMethodAccessorImpl.invoke0(Native Method)
	at sun.reflect.NativeMethodAccessorImpl.invoke(NativeMethodAccessorImpl.java:39)
	at sun.reflect.DelegatingMethodAccessorImpl.invoke(DelegatingMethodAccessorImpl.java:25)
	at java.lang.reflect.Method.invoke(Method.java:597)
	at org.apache.maven.surefire.booter.SurefireBooter.runSuitesInProcess(SurefireBooter.java:350)
	at org.apache.maven.surefire.booter.SurefireBooter.main(SurefireBooter.java:1021)
Caused by: org.springframework.beans.factory.BeanCreationException: Could not autowire field: fhkoeln.edb.nftool.service.InternationalizationService fhkoeln.edb.nftool.Exercise.i18nService; nested exception is org.springframework.beans.factory.NoSuchBeanDefinitionException: No matching bean of type [fhkoeln.edb.nftool.service.InternationalizationService] found for dependency: expected at least 1 bean which qualifies as autowire candidate for this dependency. Dependency annotations: {@org.springframework.beans.factory.annotation.Autowired(required=true), @javax.persistence.Transient()}
	at org.springframework.beans.factory.annotation.AutowiredAnnotationBeanPostProcessor$AutowiredFieldElement.inject(AutowiredAnnotationBeanPostProcessor.java:502)
	at org.springframework.beans.factory.annotation.InjectionMetadata.inject(InjectionMetadata.java:84)
	at org.springframework.beans.factory.annotation.AutowiredAnnotationBeanPostProcessor.postProcessPropertyValues(AutowiredAnnotationBeanPostProcessor.java:282)
	... 54 more
Caused by: org.springframework.beans.factory.NoSuchBeanDefinitionException: No matching bean of type [fhkoeln.edb.nftool.service.InternationalizationService] found for dependency: expected at least 1 bean which qualifies as autowire candidate for this dependency. Dependency annotations: {@org.springframework.beans.factory.annotation.Autowired(required=true), @javax.persistence.Transient()}
	at org.springframework.beans.factory.support.DefaultListableBeanFactory.raiseNoSuchBeanDefinitionException(DefaultListableBeanFactory.java:920)
	at org.springframework.beans.factory.support.DefaultListableBeanFactory.doResolveDependency(DefaultListableBeanFactory.java:789)
	at org.springframework.beans.factory.support.DefaultListableBeanFactory.resolveDependency(DefaultListableBeanFactory.java:703)
	at org.springframework.beans.factory.annotation.AutowiredAnnotationBeanPostProcessor$AutowiredFieldElement.inject(AutowiredAnnotationBeanPostProcessor.java:474)
	... 56 more
</error>
  </testcase>
  <testcase time="0.01" classname="fhkoeln.edb.nftool.ExerciseIntegrationTest" name="testFindExercise">
    <error message="Error creating bean with name &apos;fhkoeln.edb.nftool.Exercise&apos;: Injection of autowired dependencies failed; nested exception is org.springframework.beans.factory.BeanCreationException: Could not autowire field: fhkoeln.edb.nftool.service.InternationalizationService fhkoeln.edb.nftool.Exercise.i18nService; nested exception is org.springframework.beans.factory.NoSuchBeanDefinitionException: No matching bean of type [fhkoeln.edb.nftool.service.InternationalizationService] found for dependency: expected at least 1 bean which qualifies as autowire candidate for this dependency. Dependency annotations: {@org.springframework.beans.factory.annotation.Autowired(required=true), @javax.persistence.Transient()}" type="org.springframework.beans.factory.BeanCreationException">org.springframework.beans.factory.BeanCreationException: Error creating bean with name &apos;fhkoeln.edb.nftool.Exercise&apos;: Injection of autowired dependencies failed; nested exception is org.springframework.beans.factory.BeanCreationException: Could not autowire field: fhkoeln.edb.nftool.service.InternationalizationService fhkoeln.edb.nftool.Exercise.i18nService; nested exception is org.springframework.beans.factory.NoSuchBeanDefinitionException: No matching bean of type [fhkoeln.edb.nftool.service.InternationalizationService] found for dependency: expected at least 1 bean which qualifies as autowire candidate for this dependency. Dependency annotations: {@org.springframework.beans.factory.annotation.Autowired(required=true), @javax.persistence.Transient()}
	at org.springframework.beans.factory.annotation.AutowiredAnnotationBeanPostProcessor.postProcessPropertyValues(AutowiredAnnotationBeanPostProcessor.java:285)
	at org.springframework.beans.factory.support.AbstractAutowireCapableBeanFactory.populateBean(AbstractAutowireCapableBeanFactory.java:1074)
	at org.springframework.beans.factory.support.AbstractAutowireCapableBeanFactory.autowireBeanProperties(AbstractAutowireCapableBeanFactory.java:374)
	at org.springframework.beans.factory.wiring.BeanConfigurerSupport.configureBean(BeanConfigurerSupport.java:140)
	at org.springframework.beans.factory.aspectj.AnnotationBeanConfigurerAspect.configureBean(AnnotationBeanConfigurerAspect.aj:59)
	at org.springframework.beans.factory.aspectj.AbstractDependencyInjectionAspect.ajc$afterReturning$org_springframework_beans_factory_aspectj_AbstractDependencyInjectionAspect$2$1ea6722c(AbstractDependencyInjectionAspect.aj:89)
	at fhkoeln.edb.nftool.Exercise.&lt;init&gt;(Exercise.java:29)
	at fhkoeln.edb.nftool.Exercise_Roo_Entity.entityManager_aroundBody0(Exercise_Roo_Entity.aj:87)
	at fhkoeln.edb.nftool.Exercise_Roo_Entity.ajc$interMethod$fhkoeln_edb_nftool_Exercise_Roo_Entity$fhkoeln_edb_nftool_Exercise$entityManager(Exercise_Roo_Entity.aj:1)
	at fhkoeln.edb.nftool.Exercise.entityManager(Exercise.java:1)
	at fhkoeln.edb.nftool.Exercise_Roo_Entity.ajc$interMethodDispatch1$fhkoeln_edb_nftool_Exercise_Roo_Entity$fhkoeln_edb_nftool_Exercise$entityManager(Exercise_Roo_Entity.aj)
	at fhkoeln.edb.nftool.Exercise_Roo_Entity.findExerciseEntries_aroundBody8(Exercise_Roo_Entity.aj:106)
	at fhkoeln.edb.nftool.Exercise_Roo_Entity.ajc$interMethod$fhkoeln_edb_nftool_Exercise_Roo_Entity$fhkoeln_edb_nftool_Exercise$findExerciseEntries(Exercise_Roo_Entity.aj:1)
	at fhkoeln.edb.nftool.Exercise.findExerciseEntries(Exercise.java:1)
	at fhkoeln.edb.nftool.Exercise_Roo_Entity.ajc$interMethodDispatch1$fhkoeln_edb_nftool_Exercise_Roo_Entity$fhkoeln_edb_nftool_Exercise$findExerciseEntries(Exercise_Roo_Entity.aj)
	at fhkoeln.edb.nftool.ExerciseDataOnDemand_Roo_DataOnDemand.ajc$interMethod$fhkoeln_edb_nftool_ExerciseDataOnDemand_Roo_DataOnDemand$fhkoeln_edb_nftool_ExerciseDataOnDemand$init(ExerciseDataOnDemand_Roo_DataOnDemand.aj:45)
	at fhkoeln.edb.nftool.ExerciseDataOnDemand.init(ExerciseDataOnDemand.java:1)
	at fhkoeln.edb.nftool.ExerciseDataOnDemand_Roo_DataOnDemand.ajc$interMethodDispatch1$fhkoeln_edb_nftool_ExerciseDataOnDemand_Roo_DataOnDemand$fhkoeln_edb_nftool_ExerciseDataOnDemand$init(ExerciseDataOnDemand_Roo_DataOnDemand.aj)
	at fhkoeln.edb.nftool.ExerciseDataOnDemand_Roo_DataOnDemand.ajc$interMethod$fhkoeln_edb_nftool_ExerciseDataOnDemand_Roo_DataOnDemand$fhkoeln_edb_nftool_ExerciseDataOnDemand$getRandomExercise(ExerciseDataOnDemand_Roo_DataOnDemand.aj:35)
	at fhkoeln.edb.nftool.ExerciseDataOnDemand.getRandomExercise(ExerciseDataOnDemand.java:1)
	at fhkoeln.edb.nftool.ExerciseDataOnDemand_Roo_DataOnDemand.ajc$interMethodDispatch1$fhkoeln_edb_nftool_ExerciseDataOnDemand_Roo_DataOnDemand$fhkoeln_edb_nftool_ExerciseDataOnDemand$getRandomExercise(ExerciseDataOnDemand_Roo_DataOnDemand.aj)
	at fhkoeln.edb.nftool.ExerciseIntegrationTest_Roo_IntegrationTest.ajc$interMethod$fhkoeln_edb_nftool_ExerciseIntegrationTest_Roo_IntegrationTest$fhkoeln_edb_nftool_ExerciseIntegrationTest$testFindExercise(ExerciseIntegrationTest_Roo_IntegrationTest.aj:34)
	at fhkoeln.edb.nftool.ExerciseIntegrationTest.testFindExercise(ExerciseIntegrationTest.java:1)
	at sun.reflect.NativeMethodAccessorImpl.invoke0(Native Method)
	at sun.reflect.NativeMethodAccessorImpl.invoke(NativeMethodAccessorImpl.java:39)
	at sun.reflect.DelegatingMethodAccessorImpl.invoke(DelegatingMethodAccessorImpl.java:25)
	at java.lang.reflect.Method.invoke(Method.java:597)
	at org.junit.runners.model.FrameworkMethod$1.runReflectiveCall(FrameworkMethod.java:44)
	at org.junit.internal.runners.model.ReflectiveCallable.run(ReflectiveCallable.java:15)
	at org.junit.runners.model.FrameworkMethod.invokeExplosively(FrameworkMethod.java:41)
	at org.junit.internal.runners.statements.InvokeMethod.evaluate(InvokeMethod.java:20)
	at org.springframework.test.context.junit4.statements.RunBeforeTestMethodCallbacks.evaluate(RunBeforeTestMethodCallbacks.java:74)
	at org.springframework.test.context.junit4.statements.RunAfterTestMethodCallbacks.evaluate(RunAfterTestMethodCallbacks.java:82)
	at org.springframework.test.context.junit4.statements.SpringRepeat.evaluate(SpringRepeat.java:72)
	at org.springframework.test.context.junit4.SpringJUnit4ClassRunner.runChild(SpringJUnit4ClassRunner.java:240)
	at org.junit.runners.BlockJUnit4ClassRunner.runChild(BlockJUnit4ClassRunner.java:50)
	at org.junit.runners.ParentRunner$3.run(ParentRunner.java:193)
	at org.junit.runners.ParentRunner$1.schedule(ParentRunner.java:52)
	at org.junit.runners.ParentRunner.runChildren(ParentRunner.java:191)
	at org.junit.runners.ParentRunner.access$000(ParentRunner.java:42)
	at org.junit.runners.ParentRunner$2.evaluate(ParentRunner.java:184)
	at org.springframework.test.context.junit4.statements.RunBeforeTestClassCallbacks.evaluate(RunBeforeTestClassCallbacks.java:61)
	at org.springframework.test.context.junit4.statements.RunAfterTestClassCallbacks.evaluate(RunAfterTestClassCallbacks.java:70)
	at org.junit.runners.ParentRunner.run(ParentRunner.java:236)
	at org.springframework.test.context.junit4.SpringJUnit4ClassRunner.run(SpringJUnit4ClassRunner.java:180)
	at org.apache.maven.surefire.junit4.JUnit4TestSet.execute(JUnit4TestSet.java:59)
	at org.apache.maven.surefire.suite.AbstractDirectoryTestSuite.executeTestSet(AbstractDirectoryTestSuite.java:115)
	at org.apache.maven.surefire.suite.AbstractDirectoryTestSuite.execute(AbstractDirectoryTestSuite.java:102)
	at org.apache.maven.surefire.Surefire.run(Surefire.java:180)
	at sun.reflect.NativeMethodAccessorImpl.invoke0(Native Method)
	at sun.reflect.NativeMethodAccessorImpl.invoke(NativeMethodAccessorImpl.java:39)
	at sun.reflect.DelegatingMethodAccessorImpl.invoke(DelegatingMethodAccessorImpl.java:25)
	at java.lang.reflect.Method.invoke(Method.java:597)
	at org.apache.maven.surefire.booter.SurefireBooter.runSuitesInProcess(SurefireBooter.java:350)
	at org.apache.maven.surefire.booter.SurefireBooter.main(SurefireBooter.java:1021)
Caused by: org.springframework.beans.factory.BeanCreationException: Could not autowire field: fhkoeln.edb.nftool.service.InternationalizationService fhkoeln.edb.nftool.Exercise.i18nService; nested exception is org.springframework.beans.factory.NoSuchBeanDefinitionException: No matching bean of type [fhkoeln.edb.nftool.service.InternationalizationService] found for dependency: expected at least 1 bean which qualifies as autowire candidate for this dependency. Dependency annotations: {@org.springframework.beans.factory.annotation.Autowired(required=true), @javax.persistence.Transient()}
	at org.springframework.beans.factory.annotation.AutowiredAnnotationBeanPostProcessor$AutowiredFieldElement.inject(AutowiredAnnotationBeanPostProcessor.java:502)
	at org.springframework.beans.factory.annotation.InjectionMetadata.inject(InjectionMetadata.java:84)
	at org.springframework.beans.factory.annotation.AutowiredAnnotationBeanPostProcessor.postProcessPropertyValues(AutowiredAnnotationBeanPostProcessor.java:282)
	... 54 more
Caused by: org.springframework.beans.factory.NoSuchBeanDefinitionException: No matching bean of type [fhkoeln.edb.nftool.service.InternationalizationService] found for dependency: expected at least 1 bean which qualifies as autowire candidate for this dependency. Dependency annotations: {@org.springframework.beans.factory.annotation.Autowired(required=true), @javax.persistence.Transient()}
	at org.springframework.beans.factory.support.DefaultListableBeanFactory.raiseNoSuchBeanDefinitionException(DefaultListableBeanFactory.java:920)
	at org.springframework.beans.factory.support.DefaultListableBeanFactory.doResolveDependency(DefaultListableBeanFactory.java:789)
	at org.springframework.beans.factory.support.DefaultListableBeanFactory.resolveDependency(DefaultListableBeanFactory.java:703)
	at org.springframework.beans.factory.annotation.AutowiredAnnotationBeanPostProcessor$AutowiredFieldElement.inject(AutowiredAnnotationBeanPostProcessor.java:474)
	... 56 more
</error>
  </testcase>
  <testcase time="0.007" classname="fhkoeln.edb.nftool.ExerciseIntegrationTest" name="testFindAllExercises">
    <error message="Error creating bean with name &apos;fhkoeln.edb.nftool.Exercise&apos;: Injection of autowired dependencies failed; nested exception is org.springframework.beans.factory.BeanCreationException: Could not autowire field: fhkoeln.edb.nftool.service.InternationalizationService fhkoeln.edb.nftool.Exercise.i18nService; nested exception is org.springframework.beans.factory.NoSuchBeanDefinitionException: No matching bean of type [fhkoeln.edb.nftool.service.InternationalizationService] found for dependency: expected at least 1 bean which qualifies as autowire candidate for this dependency. Dependency annotations: {@org.springframework.beans.factory.annotation.Autowired(required=true), @javax.persistence.Transient()}" type="org.springframework.beans.factory.BeanCreationException">org.springframework.beans.factory.BeanCreationException: Error creating bean with name &apos;fhkoeln.edb.nftool.Exercise&apos;: Injection of autowired dependencies failed; nested exception is org.springframework.beans.factory.BeanCreationException: Could not autowire field: fhkoeln.edb.nftool.service.InternationalizationService fhkoeln.edb.nftool.Exercise.i18nService; nested exception is org.springframework.beans.factory.NoSuchBeanDefinitionException: No matching bean of type [fhkoeln.edb.nftool.service.InternationalizationService] found for dependency: expected at least 1 bean which qualifies as autowire candidate for this dependency. Dependency annotations: {@org.springframework.beans.factory.annotation.Autowired(required=true), @javax.persistence.Transient()}
	at org.springframework.beans.factory.annotation.AutowiredAnnotationBeanPostProcessor.postProcessPropertyValues(AutowiredAnnotationBeanPostProcessor.java:285)
	at org.springframework.beans.factory.support.AbstractAutowireCapableBeanFactory.populateBean(AbstractAutowireCapableBeanFactory.java:1074)
	at org.springframework.beans.factory.support.AbstractAutowireCapableBeanFactory.autowireBeanProperties(AbstractAutowireCapableBeanFactory.java:374)
	at org.springframework.beans.factory.wiring.BeanConfigurerSupport.configureBean(BeanConfigurerSupport.java:140)
	at org.springframework.beans.factory.aspectj.AnnotationBeanConfigurerAspect.configureBean(AnnotationBeanConfigurerAspect.aj:59)
	at org.springframework.beans.factory.aspectj.AbstractDependencyInjectionAspect.ajc$afterReturning$org_springframework_beans_factory_aspectj_AbstractDependencyInjectionAspect$2$1ea6722c(AbstractDependencyInjectionAspect.aj:89)
	at fhkoeln.edb.nftool.Exercise.&lt;init&gt;(Exercise.java:29)
	at fhkoeln.edb.nftool.Exercise_Roo_Entity.entityManager_aroundBody0(Exercise_Roo_Entity.aj:87)
	at fhkoeln.edb.nftool.Exercise_Roo_Entity.ajc$interMethod$fhkoeln_edb_nftool_Exercise_Roo_Entity$fhkoeln_edb_nftool_Exercise$entityManager(Exercise_Roo_Entity.aj:1)
	at fhkoeln.edb.nftool.Exercise.entityManager(Exercise.java:1)
	at fhkoeln.edb.nftool.Exercise_Roo_Entity.ajc$interMethodDispatch1$fhkoeln_edb_nftool_Exercise_Roo_Entity$fhkoeln_edb_nftool_Exercise$entityManager(Exercise_Roo_Entity.aj)
	at fhkoeln.edb.nftool.Exercise_Roo_Entity.findExerciseEntries_aroundBody8(Exercise_Roo_Entity.aj:106)
	at fhkoeln.edb.nftool.Exercise_Roo_Entity.ajc$interMethod$fhkoeln_edb_nftool_Exercise_Roo_Entity$fhkoeln_edb_nftool_Exercise$findExerciseEntries(Exercise_Roo_Entity.aj:1)
	at fhkoeln.edb.nftool.Exercise.findExerciseEntries(Exercise.java:1)
	at fhkoeln.edb.nftool.Exercise_Roo_Entity.ajc$interMethodDispatch1$fhkoeln_edb_nftool_Exercise_Roo_Entity$fhkoeln_edb_nftool_Exercise$findExerciseEntries(Exercise_Roo_Entity.aj)
	at fhkoeln.edb.nftool.ExerciseDataOnDemand_Roo_DataOnDemand.ajc$interMethod$fhkoeln_edb_nftool_ExerciseDataOnDemand_Roo_DataOnDemand$fhkoeln_edb_nftool_ExerciseDataOnDemand$init(ExerciseDataOnDemand_Roo_DataOnDemand.aj:45)
	at fhkoeln.edb.nftool.ExerciseDataOnDemand.init(ExerciseDataOnDemand.java:1)
	at fhkoeln.edb.nftool.ExerciseDataOnDemand_Roo_DataOnDemand.ajc$interMethodDispatch1$fhkoeln_edb_nftool_ExerciseDataOnDemand_Roo_DataOnDemand$fhkoeln_edb_nftool_ExerciseDataOnDemand$init(ExerciseDataOnDemand_Roo_DataOnDemand.aj)
	at fhkoeln.edb.nftool.ExerciseDataOnDemand_Roo_DataOnDemand.ajc$interMethod$fhkoeln_edb_nftool_ExerciseDataOnDemand_Roo_DataOnDemand$fhkoeln_edb_nftool_ExerciseDataOnDemand$getRandomExercise(ExerciseDataOnDemand_Roo_DataOnDemand.aj:35)
	at fhkoeln.edb.nftool.ExerciseDataOnDemand.getRandomExercise(ExerciseDataOnDemand.java:1)
	at fhkoeln.edb.nftool.ExerciseDataOnDemand_Roo_DataOnDemand.ajc$interMethodDispatch1$fhkoeln_edb_nftool_ExerciseDataOnDemand_Roo_DataOnDemand$fhkoeln_edb_nftool_ExerciseDataOnDemand$getRandomExercise(ExerciseDataOnDemand_Roo_DataOnDemand.aj)
	at fhkoeln.edb.nftool.ExerciseIntegrationTest_Roo_IntegrationTest.ajc$interMethod$fhkoeln_edb_nftool_ExerciseIntegrationTest_Roo_IntegrationTest$fhkoeln_edb_nftool_ExerciseIntegrationTest$testFindAllExercises(ExerciseIntegrationTest_Roo_IntegrationTest.aj:45)
	at fhkoeln.edb.nftool.ExerciseIntegrationTest.testFindAllExercises(ExerciseIntegrationTest.java:1)
	at sun.reflect.NativeMethodAccessorImpl.invoke0(Native Method)
	at sun.reflect.NativeMethodAccessorImpl.invoke(NativeMethodAccessorImpl.java:39)
	at sun.reflect.DelegatingMethodAccessorImpl.invoke(DelegatingMethodAccessorImpl.java:25)
	at java.lang.reflect.Method.invoke(Method.java:597)
	at org.junit.runners.model.FrameworkMethod$1.runReflectiveCall(FrameworkMethod.java:44)
	at org.junit.internal.runners.model.ReflectiveCallable.run(ReflectiveCallable.java:15)
	at org.junit.runners.model.FrameworkMethod.invokeExplosively(FrameworkMethod.java:41)
	at org.junit.internal.runners.statements.InvokeMethod.evaluate(InvokeMethod.java:20)
	at org.springframework.test.context.junit4.statements.RunBeforeTestMethodCallbacks.evaluate(RunBeforeTestMethodCallbacks.java:74)
	at org.springframework.test.context.junit4.statements.RunAfterTestMethodCallbacks.evaluate(RunAfterTestMethodCallbacks.java:82)
	at org.springframework.test.context.junit4.statements.SpringRepeat.evaluate(SpringRepeat.java:72)
	at org.springframework.test.context.junit4.SpringJUnit4ClassRunner.runChild(SpringJUnit4ClassRunner.java:240)
	at org.junit.runners.BlockJUnit4ClassRunner.runChild(BlockJUnit4ClassRunner.java:50)
	at org.junit.runners.ParentRunner$3.run(ParentRunner.java:193)
	at org.junit.runners.ParentRunner$1.schedule(ParentRunner.java:52)
	at org.junit.runners.ParentRunner.runChildren(ParentRunner.java:191)
	at org.junit.runners.ParentRunner.access$000(ParentRunner.java:42)
	at org.junit.runners.ParentRunner$2.evaluate(ParentRunner.java:184)
	at org.springframework.test.context.junit4.statements.RunBeforeTestClassCallbacks.evaluate(RunBeforeTestClassCallbacks.java:61)
	at org.springframework.test.context.junit4.statements.RunAfterTestClassCallbacks.evaluate(RunAfterTestClassCallbacks.java:70)
	at org.junit.runners.ParentRunner.run(ParentRunner.java:236)
	at org.springframework.test.context.junit4.SpringJUnit4ClassRunner.run(SpringJUnit4ClassRunner.java:180)
	at org.apache.maven.surefire.junit4.JUnit4TestSet.execute(JUnit4TestSet.java:59)
	at org.apache.maven.surefire.suite.AbstractDirectoryTestSuite.executeTestSet(AbstractDirectoryTestSuite.java:115)
	at org.apache.maven.surefire.suite.AbstractDirectoryTestSuite.execute(AbstractDirectoryTestSuite.java:102)
	at org.apache.maven.surefire.Surefire.run(Surefire.java:180)
	at sun.reflect.NativeMethodAccessorImpl.invoke0(Native Method)
	at sun.reflect.NativeMethodAccessorImpl.invoke(NativeMethodAccessorImpl.java:39)
	at sun.reflect.DelegatingMethodAccessorImpl.invoke(DelegatingMethodAccessorImpl.java:25)
	at java.lang.reflect.Method.invoke(Method.java:597)
	at org.apache.maven.surefire.booter.SurefireBooter.runSuitesInProcess(SurefireBooter.java:350)
	at org.apache.maven.surefire.booter.SurefireBooter.main(SurefireBooter.java:1021)
Caused by: org.springframework.beans.factory.BeanCreationException: Could not autowire field: fhkoeln.edb.nftool.service.InternationalizationService fhkoeln.edb.nftool.Exercise.i18nService; nested exception is org.springframework.beans.factory.NoSuchBeanDefinitionException: No matching bean of type [fhkoeln.edb.nftool.service.InternationalizationService] found for dependency: expected at least 1 bean which qualifies as autowire candidate for this dependency. Dependency annotations: {@org.springframework.beans.factory.annotation.Autowired(required=true), @javax.persistence.Transient()}
	at org.springframework.beans.factory.annotation.AutowiredAnnotationBeanPostProcessor$AutowiredFieldElement.inject(AutowiredAnnotationBeanPostProcessor.java:502)
	at org.springframework.beans.factory.annotation.InjectionMetadata.inject(InjectionMetadata.java:84)
	at org.springframework.beans.factory.annotation.AutowiredAnnotationBeanPostProcessor.postProcessPropertyValues(AutowiredAnnotationBeanPostProcessor.java:282)
	... 54 more
Caused by: org.springframework.beans.factory.NoSuchBeanDefinitionException: No matching bean of type [fhkoeln.edb.nftool.service.InternationalizationService] found for dependency: expected at least 1 bean which qualifies as autowire candidate for this dependency. Dependency annotations: {@org.springframework.beans.factory.annotation.Autowired(required=true), @javax.persistence.Transient()}
	at org.springframework.beans.factory.support.DefaultListableBeanFactory.raiseNoSuchBeanDefinitionException(DefaultListableBeanFactory.java:920)
	at org.springframework.beans.factory.support.DefaultListableBeanFactory.doResolveDependency(DefaultListableBeanFactory.java:789)
	at org.springframework.beans.factory.support.DefaultListableBeanFactory.resolveDependency(DefaultListableBeanFactory.java:703)
	at org.springframework.beans.factory.annotation.AutowiredAnnotationBeanPostProcessor$AutowiredFieldElement.inject(AutowiredAnnotationBeanPostProcessor.java:474)
	... 56 more
</error>
  </testcase>
  <testcase time="0.004" classname="fhkoeln.edb.nftool.ExerciseIntegrationTest" name="testFindExerciseEntries">
    <error message="Error creating bean with name &apos;fhkoeln.edb.nftool.Exercise&apos;: Injection of autowired dependencies failed; nested exception is org.springframework.beans.factory.BeanCreationException: Could not autowire field: fhkoeln.edb.nftool.service.InternationalizationService fhkoeln.edb.nftool.Exercise.i18nService; nested exception is org.springframework.beans.factory.NoSuchBeanDefinitionException: No matching bean of type [fhkoeln.edb.nftool.service.InternationalizationService] found for dependency: expected at least 1 bean which qualifies as autowire candidate for this dependency. Dependency annotations: {@org.springframework.beans.factory.annotation.Autowired(required=true), @javax.persistence.Transient()}" type="org.springframework.beans.factory.BeanCreationException">org.springframework.beans.factory.BeanCreationException: Error creating bean with name &apos;fhkoeln.edb.nftool.Exercise&apos;: Injection of autowired dependencies failed; nested exception is org.springframework.beans.factory.BeanCreationException: Could not autowire field: fhkoeln.edb.nftool.service.InternationalizationService fhkoeln.edb.nftool.Exercise.i18nService; nested exception is org.springframework.beans.factory.NoSuchBeanDefinitionException: No matching bean of type [fhkoeln.edb.nftool.service.InternationalizationService] found for dependency: expected at least 1 bean which qualifies as autowire candidate for this dependency. Dependency annotations: {@org.springframework.beans.factory.annotation.Autowired(required=true), @javax.persistence.Transient()}
	at org.springframework.beans.factory.annotation.AutowiredAnnotationBeanPostProcessor.postProcessPropertyValues(AutowiredAnnotationBeanPostProcessor.java:285)
	at org.springframework.beans.factory.support.AbstractAutowireCapableBeanFactory.populateBean(AbstractAutowireCapableBeanFactory.java:1074)
	at org.springframework.beans.factory.support.AbstractAutowireCapableBeanFactory.autowireBeanProperties(AbstractAutowireCapableBeanFactory.java:374)
	at org.springframework.beans.factory.wiring.BeanConfigurerSupport.configureBean(BeanConfigurerSupport.java:140)
	at org.springframework.beans.factory.aspectj.AnnotationBeanConfigurerAspect.configureBean(AnnotationBeanConfigurerAspect.aj:59)
	at org.springframework.beans.factory.aspectj.AbstractDependencyInjectionAspect.ajc$afterReturning$org_springframework_beans_factory_aspectj_AbstractDependencyInjectionAspect$2$1ea6722c(AbstractDependencyInjectionAspect.aj:89)
	at fhkoeln.edb.nftool.Exercise.&lt;init&gt;(Exercise.java:29)
	at fhkoeln.edb.nftool.Exercise_Roo_Entity.entityManager_aroundBody0(Exercise_Roo_Entity.aj:87)
	at fhkoeln.edb.nftool.Exercise_Roo_Entity.ajc$interMethod$fhkoeln_edb_nftool_Exercise_Roo_Entity$fhkoeln_edb_nftool_Exercise$entityManager(Exercise_Roo_Entity.aj:1)
	at fhkoeln.edb.nftool.Exercise.entityManager(Exercise.java:1)
	at fhkoeln.edb.nftool.Exercise_Roo_Entity.ajc$interMethodDispatch1$fhkoeln_edb_nftool_Exercise_Roo_Entity$fhkoeln_edb_nftool_Exercise$entityManager(Exercise_Roo_Entity.aj)
	at fhkoeln.edb.nftool.Exercise_Roo_Entity.findExerciseEntries_aroundBody8(Exercise_Roo_Entity.aj:106)
	at fhkoeln.edb.nftool.Exercise_Roo_Entity.ajc$interMethod$fhkoeln_edb_nftool_Exercise_Roo_Entity$fhkoeln_edb_nftool_Exercise$findExerciseEntries(Exercise_Roo_Entity.aj:1)
	at fhkoeln.edb.nftool.Exercise.findExerciseEntries(Exercise.java:1)
	at fhkoeln.edb.nftool.Exercise_Roo_Entity.ajc$interMethodDispatch1$fhkoeln_edb_nftool_Exercise_Roo_Entity$fhkoeln_edb_nftool_Exercise$findExerciseEntries(Exercise_Roo_Entity.aj)
	at fhkoeln.edb.nftool.ExerciseDataOnDemand_Roo_DataOnDemand.ajc$interMethod$fhkoeln_edb_nftool_ExerciseDataOnDemand_Roo_DataOnDemand$fhkoeln_edb_nftool_ExerciseDataOnDemand$init(ExerciseDataOnDemand_Roo_DataOnDemand.aj:45)
	at fhkoeln.edb.nftool.ExerciseDataOnDemand.init(ExerciseDataOnDemand.java:1)
	at fhkoeln.edb.nftool.ExerciseDataOnDemand_Roo_DataOnDemand.ajc$interMethodDispatch1$fhkoeln_edb_nftool_ExerciseDataOnDemand_Roo_DataOnDemand$fhkoeln_edb_nftool_ExerciseDataOnDemand$init(ExerciseDataOnDemand_Roo_DataOnDemand.aj)
	at fhkoeln.edb.nftool.ExerciseDataOnDemand_Roo_DataOnDemand.ajc$interMethod$fhkoeln_edb_nftool_ExerciseDataOnDemand_Roo_DataOnDemand$fhkoeln_edb_nftool_ExerciseDataOnDemand$getRandomExercise(ExerciseDataOnDemand_Roo_DataOnDemand.aj:35)
	at fhkoeln.edb.nftool.ExerciseDataOnDemand.getRandomExercise(ExerciseDataOnDemand.java:1)
	at fhkoeln.edb.nftool.ExerciseDataOnDemand_Roo_DataOnDemand.ajc$interMethodDispatch1$fhkoeln_edb_nftool_ExerciseDataOnDemand_Roo_DataOnDemand$fhkoeln_edb_nftool_ExerciseDataOnDemand$getRandomExercise(ExerciseDataOnDemand_Roo_DataOnDemand.aj)
	at fhkoeln.edb.nftool.ExerciseIntegrationTest_Roo_IntegrationTest.ajc$interMethod$fhkoeln_edb_nftool_ExerciseIntegrationTest_Roo_IntegrationTest$fhkoeln_edb_nftool_ExerciseIntegrationTest$testFindExerciseEntries(ExerciseIntegrationTest_Roo_IntegrationTest.aj:55)
	at fhkoeln.edb.nftool.ExerciseIntegrationTest.testFindExerciseEntries(ExerciseIntegrationTest.java:1)
	at sun.reflect.NativeMethodAccessorImpl.invoke0(Native Method)
	at sun.reflect.NativeMethodAccessorImpl.invoke(NativeMethodAccessorImpl.java:39)
	at sun.reflect.DelegatingMethodAccessorImpl.invoke(DelegatingMethodAccessorImpl.java:25)
	at java.lang.reflect.Method.invoke(Method.java:597)
	at org.junit.runners.model.FrameworkMethod$1.runReflectiveCall(FrameworkMethod.java:44)
	at org.junit.internal.runners.model.ReflectiveCallable.run(ReflectiveCallable.java:15)
	at org.junit.runners.model.FrameworkMethod.invokeExplosively(FrameworkMethod.java:41)
	at org.junit.internal.runners.statements.InvokeMethod.evaluate(InvokeMethod.java:20)
	at org.springframework.test.context.junit4.statements.RunBeforeTestMethodCallbacks.evaluate(RunBeforeTestMethodCallbacks.java:74)
	at org.springframework.test.context.junit4.statements.RunAfterTestMethodCallbacks.evaluate(RunAfterTestMethodCallbacks.java:82)
	at org.springframework.test.context.junit4.statements.SpringRepeat.evaluate(SpringRepeat.java:72)
	at org.springframework.test.context.junit4.SpringJUnit4ClassRunner.runChild(SpringJUnit4ClassRunner.java:240)
	at org.junit.runners.BlockJUnit4ClassRunner.runChild(BlockJUnit4ClassRunner.java:50)
	at org.junit.runners.ParentRunner$3.run(ParentRunner.java:193)
	at org.junit.runners.ParentRunner$1.schedule(ParentRunner.java:52)
	at org.junit.runners.ParentRunner.runChildren(ParentRunner.java:191)
	at org.junit.runners.ParentRunner.access$000(ParentRunner.java:42)
	at org.junit.runners.ParentRunner$2.evaluate(ParentRunner.java:184)
	at org.springframework.test.context.junit4.statements.RunBeforeTestClassCallbacks.evaluate(RunBeforeTestClassCallbacks.java:61)
	at org.springframework.test.context.junit4.statements.RunAfterTestClassCallbacks.evaluate(RunAfterTestClassCallbacks.java:70)
	at org.junit.runners.ParentRunner.run(ParentRunner.java:236)
	at org.springframework.test.context.junit4.SpringJUnit4ClassRunner.run(SpringJUnit4ClassRunner.java:180)
	at org.apache.maven.surefire.junit4.JUnit4TestSet.execute(JUnit4TestSet.java:59)
	at org.apache.maven.surefire.suite.AbstractDirectoryTestSuite.executeTestSet(AbstractDirectoryTestSuite.java:115)
	at org.apache.maven.surefire.suite.AbstractDirectoryTestSuite.execute(AbstractDirectoryTestSuite.java:102)
	at org.apache.maven.surefire.Surefire.run(Surefire.java:180)
	at sun.reflect.NativeMethodAccessorImpl.invoke0(Native Method)
	at sun.reflect.NativeMethodAccessorImpl.invoke(NativeMethodAccessorImpl.java:39)
	at sun.reflect.DelegatingMethodAccessorImpl.invoke(DelegatingMethodAccessorImpl.java:25)
	at java.lang.reflect.Method.invoke(Method.java:597)
	at org.apache.maven.surefire.booter.SurefireBooter.runSuitesInProcess(SurefireBooter.java:350)
	at org.apache.maven.surefire.booter.SurefireBooter.main(SurefireBooter.java:1021)
Caused by: org.springframework.beans.factory.BeanCreationException: Could not autowire field: fhkoeln.edb.nftool.service.InternationalizationService fhkoeln.edb.nftool.Exercise.i18nService; nested exception is org.springframework.beans.factory.NoSuchBeanDefinitionException: No matching bean of type [fhkoeln.edb.nftool.service.InternationalizationService] found for dependency: expected at least 1 bean which qualifies as autowire candidate for this dependency. Dependency annotations: {@org.springframework.beans.factory.annotation.Autowired(required=true), @javax.persistence.Transient()}
	at org.springframework.beans.factory.annotation.AutowiredAnnotationBeanPostProcessor$AutowiredFieldElement.inject(AutowiredAnnotationBeanPostProcessor.java:502)
	at org.springframework.beans.factory.annotation.InjectionMetadata.inject(InjectionMetadata.java:84)
	at org.springframework.beans.factory.annotation.AutowiredAnnotationBeanPostProcessor.postProcessPropertyValues(AutowiredAnnotationBeanPostProcessor.java:282)
	... 54 more
Caused by: org.springframework.beans.factory.NoSuchBeanDefinitionException: No matching bean of type [fhkoeln.edb.nftool.service.InternationalizationService] found for dependency: expected at least 1 bean which qualifies as autowire candidate for this dependency. Dependency annotations: {@org.springframework.beans.factory.annotation.Autowired(required=true), @javax.persistence.Transient()}
	at org.springframework.beans.factory.support.DefaultListableBeanFactory.raiseNoSuchBeanDefinitionException(DefaultListableBeanFactory.java:920)
	at org.springframework.beans.factory.support.DefaultListableBeanFactory.doResolveDependency(DefaultListableBeanFactory.java:789)
	at org.springframework.beans.factory.support.DefaultListableBeanFactory.resolveDependency(DefaultListableBeanFactory.java:703)
	at org.springframework.beans.factory.annotation.AutowiredAnnotationBeanPostProcessor$AutowiredFieldElement.inject(AutowiredAnnotationBeanPostProcessor.java:474)
	... 56 more
</error>
  </testcase>
  <testcase time="0.007" classname="fhkoeln.edb.nftool.ExerciseIntegrationTest" name="testFlush">
    <error message="Error creating bean with name &apos;fhkoeln.edb.nftool.Exercise&apos;: Injection of autowired dependencies failed; nested exception is org.springframework.beans.factory.BeanCreationException: Could not autowire field: fhkoeln.edb.nftool.service.InternationalizationService fhkoeln.edb.nftool.Exercise.i18nService; nested exception is org.springframework.beans.factory.NoSuchBeanDefinitionException: No matching bean of type [fhkoeln.edb.nftool.service.InternationalizationService] found for dependency: expected at least 1 bean which qualifies as autowire candidate for this dependency. Dependency annotations: {@org.springframework.beans.factory.annotation.Autowired(required=true), @javax.persistence.Transient()}" type="org.springframework.beans.factory.BeanCreationException">org.springframework.beans.factory.BeanCreationException: Error creating bean with name &apos;fhkoeln.edb.nftool.Exercise&apos;: Injection of autowired dependencies failed; nested exception is org.springframework.beans.factory.BeanCreationException: Could not autowire field: fhkoeln.edb.nftool.service.InternationalizationService fhkoeln.edb.nftool.Exercise.i18nService; nested exception is org.springframework.beans.factory.NoSuchBeanDefinitionException: No matching bean of type [fhkoeln.edb.nftool.service.InternationalizationService] found for dependency: expected at least 1 bean which qualifies as autowire candidate for this dependency. Dependency annotations: {@org.springframework.beans.factory.annotation.Autowired(required=true), @javax.persistence.Transient()}
	at org.springframework.beans.factory.annotation.AutowiredAnnotationBeanPostProcessor.postProcessPropertyValues(AutowiredAnnotationBeanPostProcessor.java:285)
	at org.springframework.beans.factory.support.AbstractAutowireCapableBeanFactory.populateBean(AbstractAutowireCapableBeanFactory.java:1074)
	at org.springframework.beans.factory.support.AbstractAutowireCapableBeanFactory.autowireBeanProperties(AbstractAutowireCapableBeanFactory.java:374)
	at org.springframework.beans.factory.wiring.BeanConfigurerSupport.configureBean(BeanConfigurerSupport.java:140)
	at org.springframework.beans.factory.aspectj.AnnotationBeanConfigurerAspect.configureBean(AnnotationBeanConfigurerAspect.aj:59)
	at org.springframework.beans.factory.aspectj.AbstractDependencyInjectionAspect.ajc$afterReturning$org_springframework_beans_factory_aspectj_AbstractDependencyInjectionAspect$2$1ea6722c(AbstractDependencyInjectionAspect.aj:89)
	at fhkoeln.edb.nftool.Exercise.&lt;init&gt;(Exercise.java:29)
	at fhkoeln.edb.nftool.Exercise_Roo_Entity.entityManager_aroundBody0(Exercise_Roo_Entity.aj:87)
	at fhkoeln.edb.nftool.Exercise_Roo_Entity.ajc$interMethod$fhkoeln_edb_nftool_Exercise_Roo_Entity$fhkoeln_edb_nftool_Exercise$entityManager(Exercise_Roo_Entity.aj:1)
	at fhkoeln.edb.nftool.Exercise.entityManager(Exercise.java:1)
	at fhkoeln.edb.nftool.Exercise_Roo_Entity.ajc$interMethodDispatch1$fhkoeln_edb_nftool_Exercise_Roo_Entity$fhkoeln_edb_nftool_Exercise$entityManager(Exercise_Roo_Entity.aj)
	at fhkoeln.edb.nftool.Exercise_Roo_Entity.findExerciseEntries_aroundBody8(Exercise_Roo_Entity.aj:106)
	at fhkoeln.edb.nftool.Exercise_Roo_Entity.ajc$interMethod$fhkoeln_edb_nftool_Exercise_Roo_Entity$fhkoeln_edb_nftool_Exercise$findExerciseEntries(Exercise_Roo_Entity.aj:1)
	at fhkoeln.edb.nftool.Exercise.findExerciseEntries(Exercise.java:1)
	at fhkoeln.edb.nftool.Exercise_Roo_Entity.ajc$interMethodDispatch1$fhkoeln_edb_nftool_Exercise_Roo_Entity$fhkoeln_edb_nftool_Exercise$findExerciseEntries(Exercise_Roo_Entity.aj)
	at fhkoeln.edb.nftool.ExerciseDataOnDemand_Roo_DataOnDemand.ajc$interMethod$fhkoeln_edb_nftool_ExerciseDataOnDemand_Roo_DataOnDemand$fhkoeln_edb_nftool_ExerciseDataOnDemand$init(ExerciseDataOnDemand_Roo_DataOnDemand.aj:45)
	at fhkoeln.edb.nftool.ExerciseDataOnDemand.init(ExerciseDataOnDemand.java:1)
	at fhkoeln.edb.nftool.ExerciseDataOnDemand_Roo_DataOnDemand.ajc$interMethodDispatch1$fhkoeln_edb_nftool_ExerciseDataOnDemand_Roo_DataOnDemand$fhkoeln_edb_nftool_ExerciseDataOnDemand$init(ExerciseDataOnDemand_Roo_DataOnDemand.aj)
	at fhkoeln.edb.nftool.ExerciseDataOnDemand_Roo_DataOnDemand.ajc$interMethod$fhkoeln_edb_nftool_ExerciseDataOnDemand_Roo_DataOnDemand$fhkoeln_edb_nftool_ExerciseDataOnDemand$getRandomExercise(ExerciseDataOnDemand_Roo_DataOnDemand.aj:35)
	at fhkoeln.edb.nftool.ExerciseDataOnDemand.getRandomExercise(ExerciseDataOnDemand.java:1)
	at fhkoeln.edb.nftool.ExerciseDataOnDemand_Roo_DataOnDemand.ajc$interMethodDispatch1$fhkoeln_edb_nftool_ExerciseDataOnDemand_Roo_DataOnDemand$fhkoeln_edb_nftool_ExerciseDataOnDemand$getRandomExercise(ExerciseDataOnDemand_Roo_DataOnDemand.aj)
	at fhkoeln.edb.nftool.ExerciseIntegrationTest_Roo_IntegrationTest.ajc$interMethod$fhkoeln_edb_nftool_ExerciseIntegrationTest_Roo_IntegrationTest$fhkoeln_edb_nftool_ExerciseIntegrationTest$testFlush(ExerciseIntegrationTest_Roo_IntegrationTest.aj:65)
	at fhkoeln.edb.nftool.ExerciseIntegrationTest.testFlush(ExerciseIntegrationTest.java:1)
	at sun.reflect.NativeMethodAccessorImpl.invoke0(Native Method)
	at sun.reflect.NativeMethodAccessorImpl.invoke(NativeMethodAccessorImpl.java:39)
	at sun.reflect.DelegatingMethodAccessorImpl.invoke(DelegatingMethodAccessorImpl.java:25)
	at java.lang.reflect.Method.invoke(Method.java:597)
	at org.junit.runners.model.FrameworkMethod$1.runReflectiveCall(FrameworkMethod.java:44)
	at org.junit.internal.runners.model.ReflectiveCallable.run(ReflectiveCallable.java:15)
	at org.junit.runners.model.FrameworkMethod.invokeExplosively(FrameworkMethod.java:41)
	at org.junit.internal.runners.statements.InvokeMethod.evaluate(InvokeMethod.java:20)
	at org.springframework.test.context.junit4.statements.RunBeforeTestMethodCallbacks.evaluate(RunBeforeTestMethodCallbacks.java:74)
	at org.springframework.test.context.junit4.statements.RunAfterTestMethodCallbacks.evaluate(RunAfterTestMethodCallbacks.java:82)
	at org.springframework.test.context.junit4.statements.SpringRepeat.evaluate(SpringRepeat.java:72)
	at org.springframework.test.context.junit4.SpringJUnit4ClassRunner.runChild(SpringJUnit4ClassRunner.java:240)
	at org.junit.runners.BlockJUnit4ClassRunner.runChild(BlockJUnit4ClassRunner.java:50)
	at org.junit.runners.ParentRunner$3.run(ParentRunner.java:193)
	at org.junit.runners.ParentRunner$1.schedule(ParentRunner.java:52)
	at org.junit.runners.ParentRunner.runChildren(ParentRunner.java:191)
	at org.junit.runners.ParentRunner.access$000(ParentRunner.java:42)
	at org.junit.runners.ParentRunner$2.evaluate(ParentRunner.java:184)
	at org.springframework.test.context.junit4.statements.RunBeforeTestClassCallbacks.evaluate(RunBeforeTestClassCallbacks.java:61)
	at org.springframework.test.context.junit4.statements.RunAfterTestClassCallbacks.evaluate(RunAfterTestClassCallbacks.java:70)
	at org.junit.runners.ParentRunner.run(ParentRunner.java:236)
	at org.springframework.test.context.junit4.SpringJUnit4ClassRunner.run(SpringJUnit4ClassRunner.java:180)
	at org.apache.maven.surefire.junit4.JUnit4TestSet.execute(JUnit4TestSet.java:59)
	at org.apache.maven.surefire.suite.AbstractDirectoryTestSuite.executeTestSet(AbstractDirectoryTestSuite.java:115)
	at org.apache.maven.surefire.suite.AbstractDirectoryTestSuite.execute(AbstractDirectoryTestSuite.java:102)
	at org.apache.maven.surefire.Surefire.run(Surefire.java:180)
	at sun.reflect.NativeMethodAccessorImpl.invoke0(Native Method)
	at sun.reflect.NativeMethodAccessorImpl.invoke(NativeMethodAccessorImpl.java:39)
	at sun.reflect.DelegatingMethodAccessorImpl.invoke(DelegatingMethodAccessorImpl.java:25)
	at java.lang.reflect.Method.invoke(Method.java:597)
	at org.apache.maven.surefire.booter.SurefireBooter.runSuitesInProcess(SurefireBooter.java:350)
	at org.apache.maven.surefire.booter.SurefireBooter.main(SurefireBooter.java:1021)
Caused by: org.springframework.beans.factory.BeanCreationException: Could not autowire field: fhkoeln.edb.nftool.service.InternationalizationService fhkoeln.edb.nftool.Exercise.i18nService; nested exception is org.springframework.beans.factory.NoSuchBeanDefinitionException: No matching bean of type [fhkoeln.edb.nftool.service.InternationalizationService] found for dependency: expected at least 1 bean which qualifies as autowire candidate for this dependency. Dependency annotations: {@org.springframework.beans.factory.annotation.Autowired(required=true), @javax.persistence.Transient()}
	at org.springframework.beans.factory.annotation.AutowiredAnnotationBeanPostProcessor$AutowiredFieldElement.inject(AutowiredAnnotationBeanPostProcessor.java:502)
	at org.springframework.beans.factory.annotation.InjectionMetadata.inject(InjectionMetadata.java:84)
	at org.springframework.beans.factory.annotation.AutowiredAnnotationBeanPostProcessor.postProcessPropertyValues(AutowiredAnnotationBeanPostProcessor.java:282)
	... 54 more
Caused by: org.springframework.beans.factory.NoSuchBeanDefinitionException: No matching bean of type [fhkoeln.edb.nftool.service.InternationalizationService] found for dependency: expected at least 1 bean which qualifies as autowire candidate for this dependency. Dependency annotations: {@org.springframework.beans.factory.annotation.Autowired(required=true), @javax.persistence.Transient()}
	at org.springframework.beans.factory.support.DefaultListableBeanFactory.raiseNoSuchBeanDefinitionException(DefaultListableBeanFactory.java:920)
	at org.springframework.beans.factory.support.DefaultListableBeanFactory.doResolveDependency(DefaultListableBeanFactory.java:789)
	at org.springframework.beans.factory.support.DefaultListableBeanFactory.resolveDependency(DefaultListableBeanFactory.java:703)
	at org.springframework.beans.factory.annotation.AutowiredAnnotationBeanPostProcessor$AutowiredFieldElement.inject(AutowiredAnnotationBeanPostProcessor.java:474)
	... 56 more
</error>
  </testcase>
  <testcase time="0.02" classname="fhkoeln.edb.nftool.ExerciseIntegrationTest" name="testMerge">
    <error message="Error creating bean with name &apos;fhkoeln.edb.nftool.Exercise&apos;: Injection of autowired dependencies failed; nested exception is org.springframework.beans.factory.BeanCreationException: Could not autowire field: fhkoeln.edb.nftool.service.InternationalizationService fhkoeln.edb.nftool.Exercise.i18nService; nested exception is org.springframework.beans.factory.NoSuchBeanDefinitionException: No matching bean of type [fhkoeln.edb.nftool.service.InternationalizationService] found for dependency: expected at least 1 bean which qualifies as autowire candidate for this dependency. Dependency annotations: {@org.springframework.beans.factory.annotation.Autowired(required=true), @javax.persistence.Transient()}" type="org.springframework.beans.factory.BeanCreationException">org.springframework.beans.factory.BeanCreationException: Error creating bean with name &apos;fhkoeln.edb.nftool.Exercise&apos;: Injection of autowired dependencies failed; nested exception is org.springframework.beans.factory.BeanCreationException: Could not autowire field: fhkoeln.edb.nftool.service.InternationalizationService fhkoeln.edb.nftool.Exercise.i18nService; nested exception is org.springframework.beans.factory.NoSuchBeanDefinitionException: No matching bean of type [fhkoeln.edb.nftool.service.InternationalizationService] found for dependency: expected at least 1 bean which qualifies as autowire candidate for this dependency. Dependency annotations: {@org.springframework.beans.factory.annotation.Autowired(required=true), @javax.persistence.Transient()}
	at org.springframework.beans.factory.annotation.AutowiredAnnotationBeanPostProcessor.postProcessPropertyValues(AutowiredAnnotationBeanPostProcessor.java:285)
	at org.springframework.beans.factory.support.AbstractAutowireCapableBeanFactory.populateBean(AbstractAutowireCapableBeanFactory.java:1074)
	at org.springframework.beans.factory.support.AbstractAutowireCapableBeanFactory.autowireBeanProperties(AbstractAutowireCapableBeanFactory.java:374)
	at org.springframework.beans.factory.wiring.BeanConfigurerSupport.configureBean(BeanConfigurerSupport.java:140)
	at org.springframework.beans.factory.aspectj.AnnotationBeanConfigurerAspect.configureBean(AnnotationBeanConfigurerAspect.aj:59)
	at org.springframework.beans.factory.aspectj.AbstractDependencyInjectionAspect.ajc$afterReturning$org_springframework_beans_factory_aspectj_AbstractDependencyInjectionAspect$2$1ea6722c(AbstractDependencyInjectionAspect.aj:89)
	at fhkoeln.edb.nftool.Exercise.&lt;init&gt;(Exercise.java:29)
	at fhkoeln.edb.nftool.Exercise_Roo_Entity.entityManager_aroundBody0(Exercise_Roo_Entity.aj:87)
	at fhkoeln.edb.nftool.Exercise_Roo_Entity.ajc$interMethod$fhkoeln_edb_nftool_Exercise_Roo_Entity$fhkoeln_edb_nftool_Exercise$entityManager(Exercise_Roo_Entity.aj:1)
	at fhkoeln.edb.nftool.Exercise.entityManager(Exercise.java:1)
	at fhkoeln.edb.nftool.Exercise_Roo_Entity.ajc$interMethodDispatch1$fhkoeln_edb_nftool_Exercise_Roo_Entity$fhkoeln_edb_nftool_Exercise$entityManager(Exercise_Roo_Entity.aj)
	at fhkoeln.edb.nftool.Exercise_Roo_Entity.findExerciseEntries_aroundBody8(Exercise_Roo_Entity.aj:106)
	at fhkoeln.edb.nftool.Exercise_Roo_Entity.ajc$interMethod$fhkoeln_edb_nftool_Exercise_Roo_Entity$fhkoeln_edb_nftool_Exercise$findExerciseEntries(Exercise_Roo_Entity.aj:1)
	at fhkoeln.edb.nftool.Exercise.findExerciseEntries(Exercise.java:1)
	at fhkoeln.edb.nftool.Exercise_Roo_Entity.ajc$interMethodDispatch1$fhkoeln_edb_nftool_Exercise_Roo_Entity$fhkoeln_edb_nftool_Exercise$findExerciseEntries(Exercise_Roo_Entity.aj)
	at fhkoeln.edb.nftool.ExerciseDataOnDemand_Roo_DataOnDemand.ajc$interMethod$fhkoeln_edb_nftool_ExerciseDataOnDemand_Roo_DataOnDemand$fhkoeln_edb_nftool_ExerciseDataOnDemand$init(ExerciseDataOnDemand_Roo_DataOnDemand.aj:45)
	at fhkoeln.edb.nftool.ExerciseDataOnDemand.init(ExerciseDataOnDemand.java:1)
	at fhkoeln.edb.nftool.ExerciseDataOnDemand_Roo_DataOnDemand.ajc$interMethodDispatch1$fhkoeln_edb_nftool_ExerciseDataOnDemand_Roo_DataOnDemand$fhkoeln_edb_nftool_ExerciseDataOnDemand$init(ExerciseDataOnDemand_Roo_DataOnDemand.aj)
	at fhkoeln.edb.nftool.ExerciseDataOnDemand_Roo_DataOnDemand.ajc$interMethod$fhkoeln_edb_nftool_ExerciseDataOnDemand_Roo_DataOnDemand$fhkoeln_edb_nftool_ExerciseDataOnDemand$getRandomExercise(ExerciseDataOnDemand_Roo_DataOnDemand.aj:35)
	at fhkoeln.edb.nftool.ExerciseDataOnDemand.getRandomExercise(ExerciseDataOnDemand.java:1)
	at fhkoeln.edb.nftool.ExerciseDataOnDemand_Roo_DataOnDemand.ajc$interMethodDispatch1$fhkoeln_edb_nftool_ExerciseDataOnDemand_Roo_DataOnDemand$fhkoeln_edb_nftool_ExerciseDataOnDemand$getRandomExercise(ExerciseDataOnDemand_Roo_DataOnDemand.aj)
	at fhkoeln.edb.nftool.ExerciseIntegrationTest_Roo_IntegrationTest.ajc$interMethod$fhkoeln_edb_nftool_ExerciseIntegrationTest_Roo_IntegrationTest$fhkoeln_edb_nftool_ExerciseIntegrationTest$testMerge(ExerciseIntegrationTest_Roo_IntegrationTest.aj:79)
	at fhkoeln.edb.nftool.ExerciseIntegrationTest.testMerge(ExerciseIntegrationTest.java:1)
	at sun.reflect.NativeMethodAccessorImpl.invoke0(Native Method)
	at sun.reflect.NativeMethodAccessorImpl.invoke(NativeMethodAccessorImpl.java:39)
	at sun.reflect.DelegatingMethodAccessorImpl.invoke(DelegatingMethodAccessorImpl.java:25)
	at java.lang.reflect.Method.invoke(Method.java:597)
	at org.junit.runners.model.FrameworkMethod$1.runReflectiveCall(FrameworkMethod.java:44)
	at org.junit.internal.runners.model.ReflectiveCallable.run(ReflectiveCallable.java:15)
	at org.junit.runners.model.FrameworkMethod.invokeExplosively(FrameworkMethod.java:41)
	at org.junit.internal.runners.statements.InvokeMethod.evaluate(InvokeMethod.java:20)
	at org.springframework.test.context.junit4.statements.RunBeforeTestMethodCallbacks.evaluate(RunBeforeTestMethodCallbacks.java:74)
	at org.springframework.test.context.junit4.statements.RunAfterTestMethodCallbacks.evaluate(RunAfterTestMethodCallbacks.java:82)
	at org.springframework.test.context.junit4.statements.SpringRepeat.evaluate(SpringRepeat.java:72)
	at org.springframework.test.context.junit4.SpringJUnit4ClassRunner.runChild(SpringJUnit4ClassRunner.java:240)
	at org.junit.runners.BlockJUnit4ClassRunner.runChild(BlockJUnit4ClassRunner.java:50)
	at org.junit.runners.ParentRunner$3.run(ParentRunner.java:193)
	at org.junit.runners.ParentRunner$1.schedule(ParentRunner.java:52)
	at org.junit.runners.ParentRunner.runChildren(ParentRunner.java:191)
	at org.junit.runners.ParentRunner.access$000(ParentRunner.java:42)
	at org.junit.runners.ParentRunner$2.evaluate(ParentRunner.java:184)
	at org.springframework.test.context.junit4.statements.RunBeforeTestClassCallbacks.evaluate(RunBeforeTestClassCallbacks.java:61)
	at org.springframework.test.context.junit4.statements.RunAfterTestClassCallbacks.evaluate(RunAfterTestClassCallbacks.java:70)
	at org.junit.runners.ParentRunner.run(ParentRunner.java:236)
	at org.springframework.test.context.junit4.SpringJUnit4ClassRunner.run(SpringJUnit4ClassRunner.java:180)
	at org.apache.maven.surefire.junit4.JUnit4TestSet.execute(JUnit4TestSet.java:59)
	at org.apache.maven.surefire.suite.AbstractDirectoryTestSuite.executeTestSet(AbstractDirectoryTestSuite.java:115)
	at org.apache.maven.surefire.suite.AbstractDirectoryTestSuite.execute(AbstractDirectoryTestSuite.java:102)
	at org.apache.maven.surefire.Surefire.run(Surefire.java:180)
	at sun.reflect.NativeMethodAccessorImpl.invoke0(Native Method)
	at sun.reflect.NativeMethodAccessorImpl.invoke(NativeMethodAccessorImpl.java:39)
	at sun.reflect.DelegatingMethodAccessorImpl.invoke(DelegatingMethodAccessorImpl.java:25)
	at java.lang.reflect.Method.invoke(Method.java:597)
	at org.apache.maven.surefire.booter.SurefireBooter.runSuitesInProcess(SurefireBooter.java:350)
	at org.apache.maven.surefire.booter.SurefireBooter.main(SurefireBooter.java:1021)
Caused by: org.springframework.beans.factory.BeanCreationException: Could not autowire field: fhkoeln.edb.nftool.service.InternationalizationService fhkoeln.edb.nftool.Exercise.i18nService; nested exception is org.springframework.beans.factory.NoSuchBeanDefinitionException: No matching bean of type [fhkoeln.edb.nftool.service.InternationalizationService] found for dependency: expected at least 1 bean which qualifies as autowire candidate for this dependency. Dependency annotations: {@org.springframework.beans.factory.annotation.Autowired(required=true), @javax.persistence.Transient()}
	at org.springframework.beans.factory.annotation.AutowiredAnnotationBeanPostProcessor$AutowiredFieldElement.inject(AutowiredAnnotationBeanPostProcessor.java:502)
	at org.springframework.beans.factory.annotation.InjectionMetadata.inject(InjectionMetadata.java:84)
	at org.springframework.beans.factory.annotation.AutowiredAnnotationBeanPostProcessor.postProcessPropertyValues(AutowiredAnnotationBeanPostProcessor.java:282)
	... 54 more
Caused by: org.springframework.beans.factory.NoSuchBeanDefinitionException: No matching bean of type [fhkoeln.edb.nftool.service.InternationalizationService] found for dependency: expected at least 1 bean which qualifies as autowire candidate for this dependency. Dependency annotations: {@org.springframework.beans.factory.annotation.Autowired(required=true), @javax.persistence.Transient()}
	at org.springframework.beans.factory.support.DefaultListableBeanFactory.raiseNoSuchBeanDefinitionException(DefaultListableBeanFactory.java:920)
	at org.springframework.beans.factory.support.DefaultListableBeanFactory.doResolveDependency(DefaultListableBeanFactory.java:789)
	at org.springframework.beans.factory.support.DefaultListableBeanFactory.resolveDependency(DefaultListableBeanFactory.java:703)
	at org.springframework.beans.factory.annotation.AutowiredAnnotationBeanPostProcessor$AutowiredFieldElement.inject(AutowiredAnnotationBeanPostProcessor.java:474)
	... 56 more
</error>
  </testcase>
  <testcase time="0.009" classname="fhkoeln.edb.nftool.ExerciseIntegrationTest" name="testPersist">
    <error message="Error creating bean with name &apos;fhkoeln.edb.nftool.Exercise&apos;: Injection of autowired dependencies failed; nested exception is org.springframework.beans.factory.BeanCreationException: Could not autowire field: fhkoeln.edb.nftool.service.InternationalizationService fhkoeln.edb.nftool.Exercise.i18nService; nested exception is org.springframework.beans.factory.NoSuchBeanDefinitionException: No matching bean of type [fhkoeln.edb.nftool.service.InternationalizationService] found for dependency: expected at least 1 bean which qualifies as autowire candidate for this dependency. Dependency annotations: {@org.springframework.beans.factory.annotation.Autowired(required=true), @javax.persistence.Transient()}" type="org.springframework.beans.factory.BeanCreationException">org.springframework.beans.factory.BeanCreationException: Error creating bean with name &apos;fhkoeln.edb.nftool.Exercise&apos;: Injection of autowired dependencies failed; nested exception is org.springframework.beans.factory.BeanCreationException: Could not autowire field: fhkoeln.edb.nftool.service.InternationalizationService fhkoeln.edb.nftool.Exercise.i18nService; nested exception is org.springframework.beans.factory.NoSuchBeanDefinitionException: No matching bean of type [fhkoeln.edb.nftool.service.InternationalizationService] found for dependency: expected at least 1 bean which qualifies as autowire candidate for this dependency. Dependency annotations: {@org.springframework.beans.factory.annotation.Autowired(required=true), @javax.persistence.Transient()}
	at org.springframework.beans.factory.annotation.AutowiredAnnotationBeanPostProcessor.postProcessPropertyValues(AutowiredAnnotationBeanPostProcessor.java:285)
	at org.springframework.beans.factory.support.AbstractAutowireCapableBeanFactory.populateBean(AbstractAutowireCapableBeanFactory.java:1074)
	at org.springframework.beans.factory.support.AbstractAutowireCapableBeanFactory.autowireBeanProperties(AbstractAutowireCapableBeanFactory.java:374)
	at org.springframework.beans.factory.wiring.BeanConfigurerSupport.configureBean(BeanConfigurerSupport.java:140)
	at org.springframework.beans.factory.aspectj.AnnotationBeanConfigurerAspect.configureBean(AnnotationBeanConfigurerAspect.aj:59)
	at org.springframework.beans.factory.aspectj.AbstractDependencyInjectionAspect.ajc$afterReturning$org_springframework_beans_factory_aspectj_AbstractDependencyInjectionAspect$2$1ea6722c(AbstractDependencyInjectionAspect.aj:89)
	at fhkoeln.edb.nftool.Exercise.&lt;init&gt;(Exercise.java:29)
	at fhkoeln.edb.nftool.Exercise_Roo_Entity.entityManager_aroundBody0(Exercise_Roo_Entity.aj:87)
	at fhkoeln.edb.nftool.Exercise_Roo_Entity.ajc$interMethod$fhkoeln_edb_nftool_Exercise_Roo_Entity$fhkoeln_edb_nftool_Exercise$entityManager(Exercise_Roo_Entity.aj:1)
	at fhkoeln.edb.nftool.Exercise.entityManager(Exercise.java:1)
	at fhkoeln.edb.nftool.Exercise_Roo_Entity.ajc$interMethodDispatch1$fhkoeln_edb_nftool_Exercise_Roo_Entity$fhkoeln_edb_nftool_Exercise$entityManager(Exercise_Roo_Entity.aj)
	at fhkoeln.edb.nftool.Exercise_Roo_Entity.findExerciseEntries_aroundBody8(Exercise_Roo_Entity.aj:106)
	at fhkoeln.edb.nftool.Exercise_Roo_Entity.ajc$interMethod$fhkoeln_edb_nftool_Exercise_Roo_Entity$fhkoeln_edb_nftool_Exercise$findExerciseEntries(Exercise_Roo_Entity.aj:1)
	at fhkoeln.edb.nftool.Exercise.findExerciseEntries(Exercise.java:1)
	at fhkoeln.edb.nftool.Exercise_Roo_Entity.ajc$interMethodDispatch1$fhkoeln_edb_nftool_Exercise_Roo_Entity$fhkoeln_edb_nftool_Exercise$findExerciseEntries(Exercise_Roo_Entity.aj)
	at fhkoeln.edb.nftool.ExerciseDataOnDemand_Roo_DataOnDemand.ajc$interMethod$fhkoeln_edb_nftool_ExerciseDataOnDemand_Roo_DataOnDemand$fhkoeln_edb_nftool_ExerciseDataOnDemand$init(ExerciseDataOnDemand_Roo_DataOnDemand.aj:45)
	at fhkoeln.edb.nftool.ExerciseDataOnDemand.init(ExerciseDataOnDemand.java:1)
	at fhkoeln.edb.nftool.ExerciseDataOnDemand_Roo_DataOnDemand.ajc$interMethodDispatch1$fhkoeln_edb_nftool_ExerciseDataOnDemand_Roo_DataOnDemand$fhkoeln_edb_nftool_ExerciseDataOnDemand$init(ExerciseDataOnDemand_Roo_DataOnDemand.aj)
	at fhkoeln.edb.nftool.ExerciseDataOnDemand_Roo_DataOnDemand.ajc$interMethod$fhkoeln_edb_nftool_ExerciseDataOnDemand_Roo_DataOnDemand$fhkoeln_edb_nftool_ExerciseDataOnDemand$getRandomExercise(ExerciseDataOnDemand_Roo_DataOnDemand.aj:35)
	at fhkoeln.edb.nftool.ExerciseDataOnDemand.getRandomExercise(ExerciseDataOnDemand.java:1)
	at fhkoeln.edb.nftool.ExerciseDataOnDemand_Roo_DataOnDemand.ajc$interMethodDispatch1$fhkoeln_edb_nftool_ExerciseDataOnDemand_Roo_DataOnDemand$fhkoeln_edb_nftool_ExerciseDataOnDemand$getRandomExercise(ExerciseDataOnDemand_Roo_DataOnDemand.aj)
	at fhkoeln.edb.nftool.ExerciseIntegrationTest_Roo_IntegrationTest.ajc$interMethod$fhkoeln_edb_nftool_ExerciseIntegrationTest_Roo_IntegrationTest$fhkoeln_edb_nftool_ExerciseIntegrationTest$testPersist(ExerciseIntegrationTest_Roo_IntegrationTest.aj:94)
	at fhkoeln.edb.nftool.ExerciseIntegrationTest.testPersist(ExerciseIntegrationTest.java:1)
	at sun.reflect.NativeMethodAccessorImpl.invoke0(Native Method)
	at sun.reflect.NativeMethodAccessorImpl.invoke(NativeMethodAccessorImpl.java:39)
	at sun.reflect.DelegatingMethodAccessorImpl.invoke(DelegatingMethodAccessorImpl.java:25)
	at java.lang.reflect.Method.invoke(Method.java:597)
	at org.junit.runners.model.FrameworkMethod$1.runReflectiveCall(FrameworkMethod.java:44)
	at org.junit.internal.runners.model.ReflectiveCallable.run(ReflectiveCallable.java:15)
	at org.junit.runners.model.FrameworkMethod.invokeExplosively(FrameworkMethod.java:41)
	at org.junit.internal.runners.statements.InvokeMethod.evaluate(InvokeMethod.java:20)
	at org.springframework.test.context.junit4.statements.RunBeforeTestMethodCallbacks.evaluate(RunBeforeTestMethodCallbacks.java:74)
	at org.springframework.test.context.junit4.statements.RunAfterTestMethodCallbacks.evaluate(RunAfterTestMethodCallbacks.java:82)
	at org.springframework.test.context.junit4.statements.SpringRepeat.evaluate(SpringRepeat.java:72)
	at org.springframework.test.context.junit4.SpringJUnit4ClassRunner.runChild(SpringJUnit4ClassRunner.java:240)
	at org.junit.runners.BlockJUnit4ClassRunner.runChild(BlockJUnit4ClassRunner.java:50)
	at org.junit.runners.ParentRunner$3.run(ParentRunner.java:193)
	at org.junit.runners.ParentRunner$1.schedule(ParentRunner.java:52)
	at org.junit.runners.ParentRunner.runChildren(ParentRunner.java:191)
	at org.junit.runners.ParentRunner.access$000(ParentRunner.java:42)
	at org.junit.runners.ParentRunner$2.evaluate(ParentRunner.java:184)
	at org.springframework.test.context.junit4.statements.RunBeforeTestClassCallbacks.evaluate(RunBeforeTestClassCallbacks.java:61)
	at org.springframework.test.context.junit4.statements.RunAfterTestClassCallbacks.evaluate(RunAfterTestClassCallbacks.java:70)
	at org.junit.runners.ParentRunner.run(ParentRunner.java:236)
	at org.springframework.test.context.junit4.SpringJUnit4ClassRunner.run(SpringJUnit4ClassRunner.java:180)
	at org.apache.maven.surefire.junit4.JUnit4TestSet.execute(JUnit4TestSet.java:59)
	at org.apache.maven.surefire.suite.AbstractDirectoryTestSuite.executeTestSet(AbstractDirectoryTestSuite.java:115)
	at org.apache.maven.surefire.suite.AbstractDirectoryTestSuite.execute(AbstractDirectoryTestSuite.java:102)
	at org.apache.maven.surefire.Surefire.run(Surefire.java:180)
	at sun.reflect.NativeMethodAccessorImpl.invoke0(Native Method)
	at sun.reflect.NativeMethodAccessorImpl.invoke(NativeMethodAccessorImpl.java:39)
	at sun.reflect.DelegatingMethodAccessorImpl.invoke(DelegatingMethodAccessorImpl.java:25)
	at java.lang.reflect.Method.invoke(Method.java:597)
	at org.apache.maven.surefire.booter.SurefireBooter.runSuitesInProcess(SurefireBooter.java:350)
	at org.apache.maven.surefire.booter.SurefireBooter.main(SurefireBooter.java:1021)
Caused by: org.springframework.beans.factory.BeanCreationException: Could not autowire field: fhkoeln.edb.nftool.service.InternationalizationService fhkoeln.edb.nftool.Exercise.i18nService; nested exception is org.springframework.beans.factory.NoSuchBeanDefinitionException: No matching bean of type [fhkoeln.edb.nftool.service.InternationalizationService] found for dependency: expected at least 1 bean which qualifies as autowire candidate for this dependency. Dependency annotations: {@org.springframework.beans.factory.annotation.Autowired(required=true), @javax.persistence.Transient()}
	at org.springframework.beans.factory.annotation.AutowiredAnnotationBeanPostProcessor$AutowiredFieldElement.inject(AutowiredAnnotationBeanPostProcessor.java:502)
	at org.springframework.beans.factory.annotation.InjectionMetadata.inject(InjectionMetadata.java:84)
	at org.springframework.beans.factory.annotation.AutowiredAnnotationBeanPostProcessor.postProcessPropertyValues(AutowiredAnnotationBeanPostProcessor.java:282)
	... 54 more
Caused by: org.springframework.beans.factory.NoSuchBeanDefinitionException: No matching bean of type [fhkoeln.edb.nftool.service.InternationalizationService] found for dependency: expected at least 1 bean which qualifies as autowire candidate for this dependency. Dependency annotations: {@org.springframework.beans.factory.annotation.Autowired(required=true), @javax.persistence.Transient()}
	at org.springframework.beans.factory.support.DefaultListableBeanFactory.raiseNoSuchBeanDefinitionException(DefaultListableBeanFactory.java:920)
	at org.springframework.beans.factory.support.DefaultListableBeanFactory.doResolveDependency(DefaultListableBeanFactory.java:789)
	at org.springframework.beans.factory.support.DefaultListableBeanFactory.resolveDependency(DefaultListableBeanFactory.java:703)
	at org.springframework.beans.factory.annotation.AutowiredAnnotationBeanPostProcessor$AutowiredFieldElement.inject(AutowiredAnnotationBeanPostProcessor.java:474)
	... 56 more
</error>
  </testcase>
  <testcase time="0.016" classname="fhkoeln.edb.nftool.ExerciseIntegrationTest" name="testRemove">
    <error message="Error creating bean with name &apos;fhkoeln.edb.nftool.Exercise&apos;: Injection of autowired dependencies failed; nested exception is org.springframework.beans.factory.BeanCreationException: Could not autowire field: fhkoeln.edb.nftool.service.InternationalizationService fhkoeln.edb.nftool.Exercise.i18nService; nested exception is org.springframework.beans.factory.NoSuchBeanDefinitionException: No matching bean of type [fhkoeln.edb.nftool.service.InternationalizationService] found for dependency: expected at least 1 bean which qualifies as autowire candidate for this dependency. Dependency annotations: {@org.springframework.beans.factory.annotation.Autowired(required=true), @javax.persistence.Transient()}" type="org.springframework.beans.factory.BeanCreationException">org.springframework.beans.factory.BeanCreationException: Error creating bean with name &apos;fhkoeln.edb.nftool.Exercise&apos;: Injection of autowired dependencies failed; nested exception is org.springframework.beans.factory.BeanCreationException: Could not autowire field: fhkoeln.edb.nftool.service.InternationalizationService fhkoeln.edb.nftool.Exercise.i18nService; nested exception is org.springframework.beans.factory.NoSuchBeanDefinitionException: No matching bean of type [fhkoeln.edb.nftool.service.InternationalizationService] found for dependency: expected at least 1 bean which qualifies as autowire candidate for this dependency. Dependency annotations: {@org.springframework.beans.factory.annotation.Autowired(required=true), @javax.persistence.Transient()}
	at org.springframework.beans.factory.annotation.AutowiredAnnotationBeanPostProcessor.postProcessPropertyValues(AutowiredAnnotationBeanPostProcessor.java:285)
	at org.springframework.beans.factory.support.AbstractAutowireCapableBeanFactory.populateBean(AbstractAutowireCapableBeanFactory.java:1074)
	at org.springframework.beans.factory.support.AbstractAutowireCapableBeanFactory.autowireBeanProperties(AbstractAutowireCapableBeanFactory.java:374)
	at org.springframework.beans.factory.wiring.BeanConfigurerSupport.configureBean(BeanConfigurerSupport.java:140)
	at org.springframework.beans.factory.aspectj.AnnotationBeanConfigurerAspect.configureBean(AnnotationBeanConfigurerAspect.aj:59)
	at org.springframework.beans.factory.aspectj.AbstractDependencyInjectionAspect.ajc$afterReturning$org_springframework_beans_factory_aspectj_AbstractDependencyInjectionAspect$2$1ea6722c(AbstractDependencyInjectionAspect.aj:89)
	at fhkoeln.edb.nftool.Exercise.&lt;init&gt;(Exercise.java:29)
	at fhkoeln.edb.nftool.Exercise_Roo_Entity.entityManager_aroundBody0(Exercise_Roo_Entity.aj:87)
	at fhkoeln.edb.nftool.Exercise_Roo_Entity.ajc$interMethod$fhkoeln_edb_nftool_Exercise_Roo_Entity$fhkoeln_edb_nftool_Exercise$entityManager(Exercise_Roo_Entity.aj:1)
	at fhkoeln.edb.nftool.Exercise.entityManager(Exercise.java:1)
	at fhkoeln.edb.nftool.Exercise_Roo_Entity.ajc$interMethodDispatch1$fhkoeln_edb_nftool_Exercise_Roo_Entity$fhkoeln_edb_nftool_Exercise$entityManager(Exercise_Roo_Entity.aj)
	at fhkoeln.edb.nftool.Exercise_Roo_Entity.findExerciseEntries_aroundBody8(Exercise_Roo_Entity.aj:106)
	at fhkoeln.edb.nftool.Exercise_Roo_Entity.ajc$interMethod$fhkoeln_edb_nftool_Exercise_Roo_Entity$fhkoeln_edb_nftool_Exercise$findExerciseEntries(Exercise_Roo_Entity.aj:1)
	at fhkoeln.edb.nftool.Exercise.findExerciseEntries(Exercise.java:1)
	at fhkoeln.edb.nftool.Exercise_Roo_Entity.ajc$interMethodDispatch1$fhkoeln_edb_nftool_Exercise_Roo_Entity$fhkoeln_edb_nftool_Exercise$findExerciseEntries(Exercise_Roo_Entity.aj)
	at fhkoeln.edb.nftool.ExerciseDataOnDemand_Roo_DataOnDemand.ajc$interMethod$fhkoeln_edb_nftool_ExerciseDataOnDemand_Roo_DataOnDemand$fhkoeln_edb_nftool_ExerciseDataOnDemand$init(ExerciseDataOnDemand_Roo_DataOnDemand.aj:45)
	at fhkoeln.edb.nftool.ExerciseDataOnDemand.init(ExerciseDataOnDemand.java:1)
	at fhkoeln.edb.nftool.ExerciseDataOnDemand_Roo_DataOnDemand.ajc$interMethodDispatch1$fhkoeln_edb_nftool_ExerciseDataOnDemand_Roo_DataOnDemand$fhkoeln_edb_nftool_ExerciseDataOnDemand$init(ExerciseDataOnDemand_Roo_DataOnDemand.aj)
	at fhkoeln.edb.nftool.ExerciseDataOnDemand_Roo_DataOnDemand.ajc$interMethod$fhkoeln_edb_nftool_ExerciseDataOnDemand_Roo_DataOnDemand$fhkoeln_edb_nftool_ExerciseDataOnDemand$getRandomExercise(ExerciseDataOnDemand_Roo_DataOnDemand.aj:35)
	at fhkoeln.edb.nftool.ExerciseDataOnDemand.getRandomExercise(ExerciseDataOnDemand.java:1)
	at fhkoeln.edb.nftool.ExerciseDataOnDemand_Roo_DataOnDemand.ajc$interMethodDispatch1$fhkoeln_edb_nftool_ExerciseDataOnDemand_Roo_DataOnDemand$fhkoeln_edb_nftool_ExerciseDataOnDemand$getRandomExercise(ExerciseDataOnDemand_Roo_DataOnDemand.aj)
	at fhkoeln.edb.nftool.ExerciseIntegrationTest_Roo_IntegrationTest.ajc$interMethod$fhkoeln_edb_nftool_ExerciseIntegrationTest_Roo_IntegrationTest$fhkoeln_edb_nftool_ExerciseIntegrationTest$testRemove(ExerciseIntegrationTest_Roo_IntegrationTest.aj:105)
	at fhkoeln.edb.nftool.ExerciseIntegrationTest.testRemove(ExerciseIntegrationTest.java:1)
	at sun.reflect.NativeMethodAccessorImpl.invoke0(Native Method)
	at sun.reflect.NativeMethodAccessorImpl.invoke(NativeMethodAccessorImpl.java:39)
	at sun.reflect.DelegatingMethodAccessorImpl.invoke(DelegatingMethodAccessorImpl.java:25)
	at java.lang.reflect.Method.invoke(Method.java:597)
	at org.junit.runners.model.FrameworkMethod$1.runReflectiveCall(FrameworkMethod.java:44)
	at org.junit.internal.runners.model.ReflectiveCallable.run(ReflectiveCallable.java:15)
	at org.junit.runners.model.FrameworkMethod.invokeExplosively(FrameworkMethod.java:41)
	at org.junit.internal.runners.statements.InvokeMethod.evaluate(InvokeMethod.java:20)
	at org.springframework.test.context.junit4.statements.RunBeforeTestMethodCallbacks.evaluate(RunBeforeTestMethodCallbacks.java:74)
	at org.springframework.test.context.junit4.statements.RunAfterTestMethodCallbacks.evaluate(RunAfterTestMethodCallbacks.java:82)
	at org.springframework.test.context.junit4.statements.SpringRepeat.evaluate(SpringRepeat.java:72)
	at org.springframework.test.context.junit4.SpringJUnit4ClassRunner.runChild(SpringJUnit4ClassRunner.java:240)
	at org.junit.runners.BlockJUnit4ClassRunner.runChild(BlockJUnit4ClassRunner.java:50)
	at org.junit.runners.ParentRunner$3.run(ParentRunner.java:193)
	at org.junit.runners.ParentRunner$1.schedule(ParentRunner.java:52)
	at org.junit.runners.ParentRunner.runChildren(ParentRunner.java:191)
	at org.junit.runners.ParentRunner.access$000(ParentRunner.java:42)
	at org.junit.runners.ParentRunner$2.evaluate(ParentRunner.java:184)
	at org.springframework.test.context.junit4.statements.RunBeforeTestClassCallbacks.evaluate(RunBeforeTestClassCallbacks.java:61)
	at org.springframework.test.context.junit4.statements.RunAfterTestClassCallbacks.evaluate(RunAfterTestClassCallbacks.java:70)
	at org.junit.runners.ParentRunner.run(ParentRunner.java:236)
	at org.springframework.test.context.junit4.SpringJUnit4ClassRunner.run(SpringJUnit4ClassRunner.java:180)
	at org.apache.maven.surefire.junit4.JUnit4TestSet.execute(JUnit4TestSet.java:59)
	at org.apache.maven.surefire.suite.AbstractDirectoryTestSuite.executeTestSet(AbstractDirectoryTestSuite.java:115)
	at org.apache.maven.surefire.suite.AbstractDirectoryTestSuite.execute(AbstractDirectoryTestSuite.java:102)
	at org.apache.maven.surefire.Surefire.run(Surefire.java:180)
	at sun.reflect.NativeMethodAccessorImpl.invoke0(Native Method)
	at sun.reflect.NativeMethodAccessorImpl.invoke(NativeMethodAccessorImpl.java:39)
	at sun.reflect.DelegatingMethodAccessorImpl.invoke(DelegatingMethodAccessorImpl.java:25)
	at java.lang.reflect.Method.invoke(Method.java:597)
	at org.apache.maven.surefire.booter.SurefireBooter.runSuitesInProcess(SurefireBooter.java:350)
	at org.apache.maven.surefire.booter.SurefireBooter.main(SurefireBooter.java:1021)
Caused by: org.springframework.beans.factory.BeanCreationException: Could not autowire field: fhkoeln.edb.nftool.service.InternationalizationService fhkoeln.edb.nftool.Exercise.i18nService; nested exception is org.springframework.beans.factory.NoSuchBeanDefinitionException: No matching bean of type [fhkoeln.edb.nftool.service.InternationalizationService] found for dependency: expected at least 1 bean which qualifies as autowire candidate for this dependency. Dependency annotations: {@org.springframework.beans.factory.annotation.Autowired(required=true), @javax.persistence.Transient()}
	at org.springframework.beans.factory.annotation.AutowiredAnnotationBeanPostProcessor$AutowiredFieldElement.inject(AutowiredAnnotationBeanPostProcessor.java:502)
	at org.springframework.beans.factory.annotation.InjectionMetadata.inject(InjectionMetadata.java:84)
	at org.springframework.beans.factory.annotation.AutowiredAnnotationBeanPostProcessor.postProcessPropertyValues(AutowiredAnnotationBeanPostProcessor.java:282)
	... 54 more
Caused by: org.springframework.beans.factory.NoSuchBeanDefinitionException: No matching bean of type [fhkoeln.edb.nftool.service.InternationalizationService] found for dependency: expected at least 1 bean which qualifies as autowire candidate for this dependency. Dependency annotations: {@org.springframework.beans.factory.annotation.Autowired(required=true), @javax.persistence.Transient()}
	at org.springframework.beans.factory.support.DefaultListableBeanFactory.raiseNoSuchBeanDefinitionException(DefaultListableBeanFactory.java:920)
	at org.springframework.beans.factory.support.DefaultListableBeanFactory.doResolveDependency(DefaultListableBeanFactory.java:789)
	at org.springframework.beans.factory.support.DefaultListableBeanFactory.resolveDependency(DefaultListableBeanFactory.java:703)
	at org.springframework.beans.factory.annotation.AutowiredAnnotationBeanPostProcessor$AutowiredFieldElement.inject(AutowiredAnnotationBeanPostProcessor.java:474)
	... 56 more
</error>
  </testcase>
</testsuite>